#
# A fatal error has been detected by the Java Runtime Environment:
#
#  EXCEPTION_ACCESS_VIOLATION (0xc0000005) at pc=0x00007ffa249c6587, pid=17344, tid=20544
#
# JRE version: OpenJDK Runtime Environment (20.0.2+9) (build 20.0.2+9-78)
# Java VM: OpenJDK 64-Bit Server VM (20.0.2+9-78, mixed mode, sharing, tiered, compressed oops, compressed class ptrs, g1 gc, windows-amd64)
# Problematic frame:
# C  [glass.dll+0x26587]
#
# No core dump will be written. Minidumps are not enabled by default on client versions of Windows
#
# If you would like to submit a bug report, please visit:
#   https://bugreport.java.com/bugreport/crash.jsp
#

---------------  S U M M A R Y ------------

Command Line: --module-path=C:\javafx-sdk-21\lib --add-modules=javafx.controls,javafx.fxml -javaagent:C:\Program Files\JetBrains\IntelliJ IDEA Community Edition 2023.2.3\lib\idea_rt.jar=63085:C:\Program Files\JetBrains\IntelliJ IDEA Community Edition 2023.2.3\bin -Dfile.encoding=UTF-8 -Dsun.stdout.encoding=UTF-8 -Dsun.stderr.encoding=UTF-8 tetris.Main

Host: 11th Gen Intel(R) Core(TM) i5-11320H @ 3.20GHz, 8 cores, 15G,  Windows 11 , 64 bit Build 22621 (10.0.22621.2215)
Time: Mon Oct 16 18:16:37 2023  Windows 11 , 64 bit Build 22621 (10.0.22621.2215) elapsed time: 120.097202 seconds (0d 0h 2m 0s)

---------------  T H R E A D  ---------------

Current thread (0x0000028644136000):  VMThread "VM Thread" [stack: 0x000000a16fc00000,0x000000a16fd00000] [id=20544]

Stack: [0x000000a16fc00000,0x000000a16fd00000],  sp=0x000000a16fcff360,  free space=1020k
Native frames: (J=compiled Java code, j=interpreted, Vv=VM code, C=native code)
C  [glass.dll+0x26587]


siginfo: EXCEPTION_ACCESS_VIOLATION (0xc0000005), reading address 0x0000000000000000


Registers:
RAX=0x0000000000000000, RBX=0x000002864413f0f0, RCX=0x0000028644136000, RDX=0x000000a16fcff360
RSP=0x000000a16fcff360, RBP=0x000002868a138958, RSI=0x000000a16fcff468, RDI=0x000002868a138930
R8 =0x0000000000010002, R9 =0x000002868a138930, R10=0x85f13e9656da4870, R11=0x000000a16fcff2f0
R12=0x00007ffa249c3ed0, R13=0x00007ff9ebe5fb10, R14=0x000051e6a3f633c8, R15=0x000002868a138930
RIP=0x00007ffa249c6587, EFLAGS=0x0000000000010202


Register to memory mapping:

RIP=0x00007ffa249c6587 glass.dll
RAX=0x0 is NULL
RBX=0x000002864413f0f0 is a global jni handle
RCX=0x0000028644136000 points into unknown readable memory: 0x00007ff9ebc88340 | 40 83 c8 eb f9 7f 00 00
RDX=0x000000a16fcff360 points into unknown readable memory: 0x0000000000000000 | 00 00 00 00 00 00 00 00
RSP=0x000000a16fcff360 points into unknown readable memory: 0x0000000000000000 | 00 00 00 00 00 00 00 00
RBP=0x000002868a138958 points into unknown readable memory: 0x000051e6a3f633c8 | c8 33 f6 a3 e6 51 00 00
RSI=0x000000a16fcff468 points into unknown readable memory: 0x000000a16fcff450 | 50 f4 cf 6f a1 00 00 00
RDI=0x000002868a138930 points into unknown readable memory: 0x007fabc23fcfdbc8 | c8 db cf 3f c2 ab 7f 00
R8 =0x0000000000010002 is an unknown value
R9 =0x000002868a138930 points into unknown readable memory: 0x007fabc23fcfdbc8 | c8 db cf 3f c2 ab 7f 00
R10=0x85f13e9656da4870 is an unknown value
R11=0x000000a16fcff2f0 points into unknown readable memory: 0x000002868a138930 | 30 89 13 8a 86 02 00 00
R12=0x00007ffa249c3ed0 glass.dll
R13=0x00007ff9ebe5fb10 jvm.dll
R14=0x000051e6a3f633c8 is an unknown value
R15=0x000002868a138930 points into unknown readable memory: 0x007fabc23fcfdbc8 | c8 db cf 3f c2 ab 7f 00


Top of Stack: (sp=0x000000a16fcff360)
0x000000a16fcff360:   0000000000000000 000000a16fcff468
0x000000a16fcff370:   00007ff9ebe5fb10 00007ffa249c3ed0
0x000000a16fcff380:   000002868a138938 00007ffa42223a83
0x000000a16fcff390:   000002868a138930 0000028600000000
0x000000a16fcff3a0:   000002868a138958 000000a16fcff468
0x000000a16fcff3b0:   fffffffffffffffe 0000000000000000
0x000000a16fcff3c0:   0000000000000001 00007ffa249a0000
0x000000a16fcff3d0:   000000a16fcff458 00007ffa421f006e
0x000000a16fcff3e0:   0000000000000000 000000a16fcff468
0x000000a16fcff3f0:   000000a16fcff750 0000000000000001
0x000000a16fcff400:   0000000000000001 00007ffa421eda1d
0x000000a16fcff410:   0000000000000000 00007ffa249c36c9
0x000000a16fcff420:   0000000000000000 000000a16fcff458
0x000000a16fcff430:   fffffffffffffffe 000000a16fcff700
0x000000a16fcff440:   0000000000000000 00007ffa249c3d5d
0x000000a16fcff450:   00007ffa249da008 00007ff900000002
0x000000a16fcff460:   0000000000000002 000000a16fcff450
0x000000a16fcff470:   0000000000000000 00007ffa449585f3
0x000000a16fcff480:   0000000000000000 00007ffa249c3e82
0x000000a16fcff490:   0000000000000001 0000000000000001
0x000000a16fcff4a0:   0000000000000000 0000000000000001
0x000000a16fcff4b0:   0000000000000001 00007ffa41512223
0x000000a16fcff4c0:   00007ffa00000001 0000000000000000
0x000000a16fcff4d0:   00007ffa249a0000 000000007ffe0384
0x000000a16fcff4e0:   0000000000000000 00007ffa4495868f
0x000000a16fcff4f0:   00007ffa249a0000 0000000000000000
0x000000a16fcff500:   0000000000000001 000000007ffe0385
0x000000a16fcff510:   00007ffa44a66a20 00007ffa2d41e260
0x000000a16fcff520:   0000cc4a1f313900 00007ffa2c210000
0x000000a16fcff530:   00007ffa249c3ed0 0000000000000000
0x000000a16fcff540:   0000000000000000 000000a16f1fe000
0x000000a16fcff550:   000002868a696680 00007ffa44981096 

Instructions: (pc=0x00007ffa249c6587)
0x00007ffa249c6487:   8b 4d 58 e8 8d cf ff ff 48 8b 4d 60 e8 84 cf ff
0x00007ffa249c6497:   ff 48 8b 95 80 00 00 00 48 8b 8d 18 01 00 00 e8
0x00007ffa249c64a7:   76 c4 ff ff 33 d2 33 c9 e8 cc e1 ff ff 90 48 89
0x00007ffa249c64b7:   54 24 10 55 48 83 ec 20 48 8b ea 48 b8 00 00 00
0x00007ffa249c64c7:   00 00 00 00 00 48 83 c4 20 5d c3 cc 40 55 48 8b
0x00007ffa249c64d7:   ea 48 8b 01 33 c9 81 38 05 00 00 c0 0f 94 c1 8b
0x00007ffa249c64e7:   c1 5d c3 cc 40 55 48 83 ec 20 48 8b ea 8a 4d 40
0x00007ffa249c64f7:   48 83 c4 20 5d e9 73 d3 ff ff cc 40 55 48 83 ec
0x00007ffa249c6507:   20 48 8b ea 8a 4d 20 e8 61 d3 ff ff 90 48 83 c4
0x00007ffa249c6517:   20 5d c3 cc 40 55 48 83 ec 20 48 8b ea 48 83 c4
0x00007ffa249c6527:   20 5d e9 c2 d1 ff ff cc 40 55 48 83 ec 30 48 8b
0x00007ffa249c6537:   ea 48 8b 01 8b 10 48 89 4c 24 28 89 54 24 20 4c
0x00007ffa249c6547:   8d 0d 63 d6 ff ff 4c 8b 45 70 8b 55 68 48 8b 4d
0x00007ffa249c6557:   60 e8 03 d1 ff ff 90 48 83 c4 30 5d c3 cc cc cc
0x00007ffa249c6567:   cc cc cc cc cc cc cc cc cc 40 53 48 83 ec 20 48
0x00007ffa249c6577:   8b 1d 8b 34 01 00 48 85 db 74 16 e8 89 8f ff ff
0x00007ffa249c6587:   4c 8b 00 48 8b d3 48 8b c8 41 ff 90 b0 00 00 00
0x00007ffa249c6597:   90 48 83 c4 20 5b c3 cc cc 40 53 48 83 ec 20 48
0x00007ffa249c65a7:   8b 1d fb 35 01 00 48 85 db 74 57 b8 ff ff ff ff
0x00007ffa249c65b7:   f0 0f c1 43 10 83 f8 01 75 3d 48 85 db 74 38 48
0x00007ffa249c65c7:   8b 0b 48 85 c9 74 0d ff 15 d4 0c 00 00 48 c7 03
0x00007ffa249c65d7:   00 00 00 00 48 8b 4b 08 48 85 c9 74 0d e8 33 ce
0x00007ffa249c65e7:   ff ff 48 c7 43 08 00 00 00 00 ba 18 00 00 00 48
0x00007ffa249c65f7:   8b cb e8 1e ce ff ff 48 c7 05 9f 35 01 00 00 00
0x00007ffa249c6607:   00 00 48 83 c4 20 5b c3 cc 40 53 48 83 ec 20 48
0x00007ffa249c6617:   8b 1d 6b 35 01 00 48 85 db 74 57 b8 ff ff ff ff
0x00007ffa249c6627:   f0 0f c1 43 10 83 f8 01 75 3d 48 85 db 74 38 48
0x00007ffa249c6637:   8b 0b 48 85 c9 74 0d ff 15 64 0c 00 00 48 c7 03
0x00007ffa249c6647:   00 00 00 00 48 8b 4b 08 48 85 c9 74 0d e8 c3 cd
0x00007ffa249c6657:   ff ff 48 c7 43 08 00 00 00 00 ba 18 00 00 00 48
0x00007ffa249c6667:   8b cb e8 ae cd ff ff 48 c7 05 0f 35 01 00 00 00
0x00007ffa249c6677:   00 00 48 83 c4 20 5b c3 cc 40 53 48 83 ec 20 48 


Stack slot to memory mapping:
stack at sp + 0 slots: 0x0 is NULL
stack at sp + 1 slots: 0x000000a16fcff468 points into unknown readable memory: 0x000000a16fcff450 | 50 f4 cf 6f a1 00 00 00
stack at sp + 2 slots: 0x00007ff9ebe5fb10 jvm.dll
stack at sp + 3 slots: 0x00007ffa249c3ed0 glass.dll
stack at sp + 4 slots: 0x000002868a138938 points into unknown readable memory: 0x000051e6a3f633c8 | c8 33 f6 a3 e6 51 00 00
stack at sp + 5 slots: 0x00007ffa42223a83 ucrtbase.dll
stack at sp + 6 slots: 0x000002868a138930 points into unknown readable memory: 0x007fabc23fcfdbc8 | c8 db cf 3f c2 ab 7f 00
stack at sp + 7 slots: 0x0000028600000000 is an unknown value

VM_Operation (0x000000a16f3ff3a0): Exit, mode: safepoint, requested by thread 0x000002868b3a0c30


---------------  P R O C E S S  ---------------

Threads class SMR info:
_java_thread_list=0x000002868a4db730, length=20, elements={
0x0000028622c8a960, 0x00000286441528e0, 0x0000028644153af0, 0x0000028644157d90,
0x000002864415ca80, 0x000002864415d730, 0x0000028644160170, 0x0000028644160ed0,
0x0000028644174710, 0x00000286894a3ac0, 0x000002868a3f2a10, 0x000002868a0f6fe0,
0x000002868a8ef160, 0x000002868a912c50, 0x000002868ac45420, 0x000002868b42db50,
0x000002868b4fefd0, 0x000002868b3a2c10, 0x000002868b3a3c00, 0x000002868b3a0c30
}

Java Threads: ( => current thread )
  0x0000028622c8a960 JavaThread "main" [_thread_blocked, id=1216, stack(0x000000a16f600000,0x000000a16f700000)]
  0x00000286441528e0 JavaThread "Reference Handler" daemon [_thread_blocked, id=19244, stack(0x000000a16fd00000,0x000000a16fe00000)]
  0x0000028644153af0 JavaThread "Finalizer" daemon [_thread_blocked, id=21072, stack(0x000000a16fe00000,0x000000a16ff00000)]
  0x0000028644157d90 JavaThread "Signal Dispatcher" daemon [_thread_blocked, id=8616, stack(0x000000a16ff00000,0x000000a170000000)]
  0x000002864415ca80 JavaThread "Attach Listener" daemon [_thread_blocked, id=22456, stack(0x000000a170000000,0x000000a170100000)]
  0x000002864415d730 JavaThread "Service Thread" daemon [_thread_blocked, id=7456, stack(0x000000a170100000,0x000000a170200000)]
  0x0000028644160170 JavaThread "Monitor Deflation Thread" daemon [_thread_blocked, id=18784, stack(0x000000a170200000,0x000000a170300000)]
  0x0000028644160ed0 JavaThread "C2 CompilerThread0" daemon [_thread_blocked, id=17264, stack(0x000000a170300000,0x000000a170400000)]
  0x0000028644174710 JavaThread "C1 CompilerThread0" daemon [_thread_blocked, id=22876, stack(0x000000a170400000,0x000000a170500000)]
  0x00000286894a3ac0 JavaThread "Common-Cleaner" daemon [_thread_blocked, id=14164, stack(0x000000a170500000,0x000000a170600000)]
  0x000002868a3f2a10 JavaThread "Monitor Ctrl-Break" daemon [_thread_in_native, id=160, stack(0x000000a170800000,0x000000a170900000)]
  0x000002868a0f6fe0 JavaThread "Notification Thread" daemon [_thread_blocked, id=2684, stack(0x000000a170900000,0x000000a170a00000)]
  0x000002868a8ef160 JavaThread "QuantumRenderer-0" daemon [_thread_blocked, id=18736, stack(0x000000a170b00000,0x000000a170c00000)]
  0x000002868a912c50 JavaThread "InvokeLaterDispatcher" daemon [_thread_blocked, id=10640, stack(0x000000a170c00000,0x000000a170d00000)]
  0x000002868ac45420 JavaThread "JavaFX Application Thread" [_thread_in_native, id=18964, stack(0x000000a170d00000,0x000000a170e00000)]
  0x000002868b42db50 JavaThread "JavaFX-Launcher" [_thread_blocked, id=9556, stack(0x000000a171200000,0x000000a171300000)]
  0x000002868b4fefd0 JavaThread "Thread-2" daemon [_thread_in_native, id=23164, stack(0x000000a171100000,0x000000a171200000)]
  0x000002868b3a2c10 JavaThread "Prism Font Disposer" daemon [_thread_blocked, id=17020, stack(0x000000a171800000,0x000000a171900000)]
  0x000002868b3a3c00 JavaThread "Cleaner-0" daemon [_thread_blocked, id=21560, stack(0x000000a171c00000,0x000000a171d00000)]
  0x000002868b3a0c30 JavaThread "SIGINT handler" daemon [_thread_blocked, id=4592, stack(0x000000a16f300000,0x000000a16f400000)]

Other Threads:
=>0x0000028644136000 VMThread "VM Thread" [stack: 0x000000a16fc00000,0x000000a16fd00000] [id=20544]
  0x0000028622cfc9e0 WorkerThread "GC Thread#0" [stack: 0x000000a16f700000,0x000000a16f800000] [id=15936]
  0x000002868b3a8ab0 WorkerThread "GC Thread#1" [stack: 0x000000a171300000,0x000000a171400000] [id=12172]
  0x000002868a9e7cd0 WorkerThread "GC Thread#2" [stack: 0x000000a171400000,0x000000a171500000] [id=23008]
  0x000002868b42f0b0 WorkerThread "GC Thread#3" [stack: 0x000000a171500000,0x000000a171600000] [id=1412]
  0x000002868a3b3b50 WorkerThread "GC Thread#4" [stack: 0x000000a171600000,0x000000a171700000] [id=18156]
  0x000002868a3b27a0 WorkerThread "GC Thread#5" [stack: 0x000000a171700000,0x000000a171800000] [id=13532]
  0x000002868a3b3010 WorkerThread "GC Thread#6" [stack: 0x000000a170600000,0x000000a170700000] [id=8152]
  0x000002868a3b40f0 WorkerThread "GC Thread#7" [stack: 0x000000a170700000,0x000000a170800000] [id=20400]
  0x0000028622d0d720 ConcurrentGCThread "G1 Main Marker" terminated
  0x0000028622d0e150 WorkerThread "G1 Conc#0" [stack: 0x000000a16f900000,0x000000a16fa00000] [id=22152]
  0x0000028622d4e8a0 ConcurrentGCThread "G1 Refine#0" terminated
  0x0000028643ff6570 ConcurrentGCThread "G1 Service" terminated

Threads with active compile tasks:

VM state: at safepoint (shutting down)

VM Mutex/Monitor currently owned by a thread:  ([mutex/lock_event])
[0x0000028622c86e20] Threads_lock - owner thread: 0x0000028644136000
[0x0000028622c85b90] Heap_lock - owner thread: 0x000002868b3a0c30

Heap address: 0x0000000703600000, size: 4042 MB, Compressed Oops mode: Zero based, Oop shift amount: 3

CDS archive(s) mapped at: [0x0000028644400000-0x0000028645060000-0x0000028645060000), size 12976128, SharedBaseAddress: 0x0000028644400000, ArchiveRelocationMode: 1.
Compressed class space mapped at: 0x0000028645400000-0x0000028685400000, reserved size: 1073741824
Narrow klass base: 0x0000028644400000, Narrow klass shift: 0, Narrow klass range: 0x100000000

GC Precious Log:
 CardTable entry size: 512
 Card Set container configuration: InlinePtr #cards 4 size 8 Array Of Cards #cards 16 size 48 Howl #buckets 8 coarsen threshold 3686 Howl Bitmap #cards 512 size 80 coarsen threshold 460 Card regions per heap region 1 cards per card region 4096
 CPUs: 8 total, 8 available
 Memory: 16163M
 Large Page Support: Disabled
 NUMA Support: Disabled
 Compressed Oops: Enabled (Zero based)
 Heap Region Size: 2M
 Heap Min Capacity: 8M
 Heap Initial Capacity: 254M
 Heap Max Capacity: 4042M
 Pre-touch: Disabled
 Parallel Workers: 8
 Concurrent Workers: 2
 Concurrent Refinement Workers: 8
 Periodic GC: Disabled

Heap:
 garbage-first heap   total 260096K, used 73297K [0x0000000703600000, 0x0000000800000000)
  region size 2048K, 33 young (67584K), 3 survivors (6144K)
 Metaspace       used 16837K, committed 17152K, reserved 1114112K
  class space    used 2379K, committed 2496K, reserved 1048576K

Heap Regions: E=young(eden), S=young(survivor), O=old, HS=humongous(starts), HC=humongous(continues), CS=collection set, F=free, OA=open archive, CA=closed archive, TAMS=top-at-mark-start, PB=parsable bottom
|   0|0x0000000703600000, 0x0000000703800000, 0x0000000703800000|100%|HS|  |TAMS 0x0000000703600000| PB 0x0000000703600000| Complete 
|   1|0x0000000703800000, 0x0000000703a00000, 0x0000000703a00000|100%|HC|  |TAMS 0x0000000703800000| PB 0x0000000703800000| Complete 
|   2|0x0000000703a00000, 0x0000000703c00000, 0x0000000703c00000|100%|HS|  |TAMS 0x0000000703a00000| PB 0x0000000703a00000| Complete 
|   3|0x0000000703c00000, 0x0000000703d94600, 0x0000000703e00000| 78%| O|  |TAMS 0x0000000703c00000| PB 0x0000000703c00000| Untracked 
|   4|0x0000000703e00000, 0x0000000703e00000, 0x0000000704000000|  0%| F|  |TAMS 0x0000000703e00000| PB 0x0000000703e00000| Untracked 
|   5|0x0000000704000000, 0x0000000704000000, 0x0000000704200000|  0%| F|  |TAMS 0x0000000704000000| PB 0x0000000704000000| Untracked 
|   6|0x0000000704200000, 0x0000000704200000, 0x0000000704400000|  0%| F|  |TAMS 0x0000000704200000| PB 0x0000000704200000| Untracked 
|   7|0x0000000704400000, 0x0000000704400000, 0x0000000704600000|  0%| F|  |TAMS 0x0000000704400000| PB 0x0000000704400000| Untracked 
|   8|0x0000000704600000, 0x0000000704600000, 0x0000000704800000|  0%| F|  |TAMS 0x0000000704600000| PB 0x0000000704600000| Untracked 
|   9|0x0000000704800000, 0x0000000704800000, 0x0000000704a00000|  0%| F|  |TAMS 0x0000000704800000| PB 0x0000000704800000| Untracked 
|  10|0x0000000704a00000, 0x0000000704a00000, 0x0000000704c00000|  0%| F|  |TAMS 0x0000000704a00000| PB 0x0000000704a00000| Untracked 
|  11|0x0000000704c00000, 0x0000000704c00000, 0x0000000704e00000|  0%| F|  |TAMS 0x0000000704c00000| PB 0x0000000704c00000| Untracked 
|  12|0x0000000704e00000, 0x0000000704e00000, 0x0000000705000000|  0%| F|  |TAMS 0x0000000704e00000| PB 0x0000000704e00000| Untracked 
|  13|0x0000000705000000, 0x0000000705000000, 0x0000000705200000|  0%| F|  |TAMS 0x0000000705000000| PB 0x0000000705000000| Untracked 
|  14|0x0000000705200000, 0x0000000705200000, 0x0000000705400000|  0%| F|  |TAMS 0x0000000705200000| PB 0x0000000705200000| Untracked 
|  15|0x0000000705400000, 0x0000000705400000, 0x0000000705600000|  0%| F|  |TAMS 0x0000000705400000| PB 0x0000000705400000| Untracked 
|  16|0x0000000705600000, 0x0000000705600000, 0x0000000705800000|  0%| F|  |TAMS 0x0000000705600000| PB 0x0000000705600000| Untracked 
|  17|0x0000000705800000, 0x0000000705800000, 0x0000000705a00000|  0%| F|  |TAMS 0x0000000705800000| PB 0x0000000705800000| Untracked 
|  18|0x0000000705a00000, 0x0000000705a00000, 0x0000000705c00000|  0%| F|  |TAMS 0x0000000705a00000| PB 0x0000000705a00000| Untracked 
|  19|0x0000000705c00000, 0x0000000705c00000, 0x0000000705e00000|  0%| F|  |TAMS 0x0000000705c00000| PB 0x0000000705c00000| Untracked 
|  20|0x0000000705e00000, 0x0000000705e00000, 0x0000000706000000|  0%| F|  |TAMS 0x0000000705e00000| PB 0x0000000705e00000| Untracked 
|  21|0x0000000706000000, 0x0000000706000000, 0x0000000706200000|  0%| F|  |TAMS 0x0000000706000000| PB 0x0000000706000000| Untracked 
|  22|0x0000000706200000, 0x0000000706200000, 0x0000000706400000|  0%| F|  |TAMS 0x0000000706200000| PB 0x0000000706200000| Untracked 
|  23|0x0000000706400000, 0x0000000706400000, 0x0000000706600000|  0%| F|  |TAMS 0x0000000706400000| PB 0x0000000706400000| Untracked 
|  24|0x0000000706600000, 0x0000000706600000, 0x0000000706800000|  0%| F|  |TAMS 0x0000000706600000| PB 0x0000000706600000| Untracked 
|  25|0x0000000706800000, 0x0000000706800000, 0x0000000706a00000|  0%| F|  |TAMS 0x0000000706800000| PB 0x0000000706800000| Untracked 
|  26|0x0000000706a00000, 0x0000000706a00000, 0x0000000706c00000|  0%| F|  |TAMS 0x0000000706a00000| PB 0x0000000706a00000| Untracked 
|  27|0x0000000706c00000, 0x0000000706c00000, 0x0000000706e00000|  0%| F|  |TAMS 0x0000000706c00000| PB 0x0000000706c00000| Untracked 
|  28|0x0000000706e00000, 0x0000000706e00000, 0x0000000707000000|  0%| F|  |TAMS 0x0000000706e00000| PB 0x0000000706e00000| Untracked 
|  29|0x0000000707000000, 0x0000000707000000, 0x0000000707200000|  0%| F|  |TAMS 0x0000000707000000| PB 0x0000000707000000| Untracked 
|  30|0x0000000707200000, 0x0000000707200000, 0x0000000707400000|  0%| F|  |TAMS 0x0000000707200000| PB 0x0000000707200000| Untracked 
|  31|0x0000000707400000, 0x0000000707400000, 0x0000000707600000|  0%| F|  |TAMS 0x0000000707400000| PB 0x0000000707400000| Untracked 
|  32|0x0000000707600000, 0x0000000707600000, 0x0000000707800000|  0%| F|  |TAMS 0x0000000707600000| PB 0x0000000707600000| Untracked 
|  33|0x0000000707800000, 0x0000000707800000, 0x0000000707a00000|  0%| F|  |TAMS 0x0000000707800000| PB 0x0000000707800000| Untracked 
|  34|0x0000000707a00000, 0x0000000707a00000, 0x0000000707c00000|  0%| F|  |TAMS 0x0000000707a00000| PB 0x0000000707a00000| Untracked 
|  35|0x0000000707c00000, 0x0000000707c00000, 0x0000000707e00000|  0%| F|  |TAMS 0x0000000707c00000| PB 0x0000000707c00000| Untracked 
|  36|0x0000000707e00000, 0x0000000707e00000, 0x0000000708000000|  0%| F|  |TAMS 0x0000000707e00000| PB 0x0000000707e00000| Untracked 
|  37|0x0000000708000000, 0x0000000708000000, 0x0000000708200000|  0%| F|  |TAMS 0x0000000708000000| PB 0x0000000708000000| Untracked 
|  38|0x0000000708200000, 0x0000000708200000, 0x0000000708400000|  0%| F|  |TAMS 0x0000000708200000| PB 0x0000000708200000| Untracked 
|  39|0x0000000708400000, 0x0000000708400000, 0x0000000708600000|  0%| F|  |TAMS 0x0000000708400000| PB 0x0000000708400000| Untracked 
|  40|0x0000000708600000, 0x0000000708600000, 0x0000000708800000|  0%| F|  |TAMS 0x0000000708600000| PB 0x0000000708600000| Untracked 
|  41|0x0000000708800000, 0x0000000708800000, 0x0000000708a00000|  0%| F|  |TAMS 0x0000000708800000| PB 0x0000000708800000| Untracked 
|  42|0x0000000708a00000, 0x0000000708a00000, 0x0000000708c00000|  0%| F|  |TAMS 0x0000000708a00000| PB 0x0000000708a00000| Untracked 
|  43|0x0000000708c00000, 0x0000000708c00000, 0x0000000708e00000|  0%| F|  |TAMS 0x0000000708c00000| PB 0x0000000708c00000| Untracked 
|  44|0x0000000708e00000, 0x0000000708e00000, 0x0000000709000000|  0%| F|  |TAMS 0x0000000708e00000| PB 0x0000000708e00000| Untracked 
|  45|0x0000000709000000, 0x0000000709000000, 0x0000000709200000|  0%| F|  |TAMS 0x0000000709000000| PB 0x0000000709000000| Untracked 
|  46|0x0000000709200000, 0x0000000709200000, 0x0000000709400000|  0%| F|  |TAMS 0x0000000709200000| PB 0x0000000709200000| Untracked 
|  47|0x0000000709400000, 0x0000000709400000, 0x0000000709600000|  0%| F|  |TAMS 0x0000000709400000| PB 0x0000000709400000| Untracked 
|  48|0x0000000709600000, 0x0000000709600000, 0x0000000709800000|  0%| F|  |TAMS 0x0000000709600000| PB 0x0000000709600000| Untracked 
|  49|0x0000000709800000, 0x0000000709800000, 0x0000000709a00000|  0%| F|  |TAMS 0x0000000709800000| PB 0x0000000709800000| Untracked 
|  50|0x0000000709a00000, 0x0000000709a00000, 0x0000000709c00000|  0%| F|  |TAMS 0x0000000709a00000| PB 0x0000000709a00000| Untracked 
|  51|0x0000000709c00000, 0x0000000709c00000, 0x0000000709e00000|  0%| F|  |TAMS 0x0000000709c00000| PB 0x0000000709c00000| Untracked 
|  52|0x0000000709e00000, 0x0000000709e00000, 0x000000070a000000|  0%| F|  |TAMS 0x0000000709e00000| PB 0x0000000709e00000| Untracked 
|  53|0x000000070a000000, 0x000000070a000000, 0x000000070a200000|  0%| F|  |TAMS 0x000000070a000000| PB 0x000000070a000000| Untracked 
|  54|0x000000070a200000, 0x000000070a200000, 0x000000070a400000|  0%| F|  |TAMS 0x000000070a200000| PB 0x000000070a200000| Untracked 
|  55|0x000000070a400000, 0x000000070a400000, 0x000000070a600000|  0%| F|  |TAMS 0x000000070a400000| PB 0x000000070a400000| Untracked 
|  56|0x000000070a600000, 0x000000070a600000, 0x000000070a800000|  0%| F|  |TAMS 0x000000070a600000| PB 0x000000070a600000| Untracked 
|  57|0x000000070a800000, 0x000000070a800000, 0x000000070aa00000|  0%| F|  |TAMS 0x000000070a800000| PB 0x000000070a800000| Untracked 
|  58|0x000000070aa00000, 0x000000070aa00000, 0x000000070ac00000|  0%| F|  |TAMS 0x000000070aa00000| PB 0x000000070aa00000| Untracked 
|  59|0x000000070ac00000, 0x000000070ac00000, 0x000000070ae00000|  0%| F|  |TAMS 0x000000070ac00000| PB 0x000000070ac00000| Untracked 
|  60|0x000000070ae00000, 0x000000070ae00000, 0x000000070b000000|  0%| F|  |TAMS 0x000000070ae00000| PB 0x000000070ae00000| Untracked 
|  61|0x000000070b000000, 0x000000070b000000, 0x000000070b200000|  0%| F|  |TAMS 0x000000070b000000| PB 0x000000070b000000| Untracked 
|  62|0x000000070b200000, 0x000000070b200000, 0x000000070b400000|  0%| F|  |TAMS 0x000000070b200000| PB 0x000000070b200000| Untracked 
|  63|0x000000070b400000, 0x000000070b400000, 0x000000070b600000|  0%| F|  |TAMS 0x000000070b400000| PB 0x000000070b400000| Untracked 
|  64|0x000000070b600000, 0x000000070b600000, 0x000000070b800000|  0%| F|  |TAMS 0x000000070b600000| PB 0x000000070b600000| Untracked 
|  65|0x000000070b800000, 0x000000070b800000, 0x000000070ba00000|  0%| F|  |TAMS 0x000000070b800000| PB 0x000000070b800000| Untracked 
|  66|0x000000070ba00000, 0x000000070ba00000, 0x000000070bc00000|  0%| F|  |TAMS 0x000000070ba00000| PB 0x000000070ba00000| Untracked 
|  67|0x000000070bc00000, 0x000000070bc00000, 0x000000070be00000|  0%| F|  |TAMS 0x000000070bc00000| PB 0x000000070bc00000| Untracked 
|  68|0x000000070be00000, 0x000000070be00000, 0x000000070c000000|  0%| F|  |TAMS 0x000000070be00000| PB 0x000000070be00000| Untracked 
|  69|0x000000070c000000, 0x000000070c000000, 0x000000070c200000|  0%| F|  |TAMS 0x000000070c000000| PB 0x000000070c000000| Untracked 
|  70|0x000000070c200000, 0x000000070c200000, 0x000000070c400000|  0%| F|  |TAMS 0x000000070c200000| PB 0x000000070c200000| Untracked 
|  71|0x000000070c400000, 0x000000070c400000, 0x000000070c600000|  0%| F|  |TAMS 0x000000070c400000| PB 0x000000070c400000| Untracked 
|  72|0x000000070c600000, 0x000000070c600000, 0x000000070c800000|  0%| F|  |TAMS 0x000000070c600000| PB 0x000000070c600000| Untracked 
|  73|0x000000070c800000, 0x000000070c800000, 0x000000070ca00000|  0%| F|  |TAMS 0x000000070c800000| PB 0x000000070c800000| Untracked 
|  74|0x000000070ca00000, 0x000000070ca00000, 0x000000070cc00000|  0%| F|  |TAMS 0x000000070ca00000| PB 0x000000070ca00000| Untracked 
|  75|0x000000070cc00000, 0x000000070cc00000, 0x000000070ce00000|  0%| F|  |TAMS 0x000000070cc00000| PB 0x000000070cc00000| Untracked 
|  76|0x000000070ce00000, 0x000000070ce00000, 0x000000070d000000|  0%| F|  |TAMS 0x000000070ce00000| PB 0x000000070ce00000| Untracked 
|  77|0x000000070d000000, 0x000000070d000000, 0x000000070d200000|  0%| F|  |TAMS 0x000000070d000000| PB 0x000000070d000000| Untracked 
|  78|0x000000070d200000, 0x000000070d200000, 0x000000070d400000|  0%| F|  |TAMS 0x000000070d200000| PB 0x000000070d200000| Untracked 
|  79|0x000000070d400000, 0x000000070d400000, 0x000000070d600000|  0%| F|  |TAMS 0x000000070d400000| PB 0x000000070d400000| Untracked 
|  80|0x000000070d600000, 0x000000070d600000, 0x000000070d800000|  0%| F|  |TAMS 0x000000070d600000| PB 0x000000070d600000| Untracked 
|  81|0x000000070d800000, 0x000000070d800000, 0x000000070da00000|  0%| F|  |TAMS 0x000000070d800000| PB 0x000000070d800000| Untracked 
|  82|0x000000070da00000, 0x000000070da00000, 0x000000070dc00000|  0%| F|  |TAMS 0x000000070da00000| PB 0x000000070da00000| Untracked 
|  83|0x000000070dc00000, 0x000000070dc00000, 0x000000070de00000|  0%| F|  |TAMS 0x000000070dc00000| PB 0x000000070dc00000| Untracked 
|  84|0x000000070de00000, 0x000000070de00000, 0x000000070e000000|  0%| F|  |TAMS 0x000000070de00000| PB 0x000000070de00000| Untracked 
|  85|0x000000070e000000, 0x000000070e000000, 0x000000070e200000|  0%| F|  |TAMS 0x000000070e000000| PB 0x000000070e000000| Untracked 
|  86|0x000000070e200000, 0x000000070e200000, 0x000000070e400000|  0%| F|  |TAMS 0x000000070e200000| PB 0x000000070e200000| Untracked 
|  87|0x000000070e400000, 0x000000070e400000, 0x000000070e600000|  0%| F|  |TAMS 0x000000070e400000| PB 0x000000070e400000| Untracked 
|  88|0x000000070e600000, 0x000000070e600000, 0x000000070e800000|  0%| F|  |TAMS 0x000000070e600000| PB 0x000000070e600000| Untracked 
|  89|0x000000070e800000, 0x000000070e800000, 0x000000070ea00000|  0%| F|  |TAMS 0x000000070e800000| PB 0x000000070e800000| Untracked 
|  90|0x000000070ea00000, 0x000000070ea00000, 0x000000070ec00000|  0%| F|  |TAMS 0x000000070ea00000| PB 0x000000070ea00000| Untracked 
|  91|0x000000070ec00000, 0x000000070ec00000, 0x000000070ee00000|  0%| F|  |TAMS 0x000000070ec00000| PB 0x000000070ec00000| Untracked 
|  92|0x000000070ee00000, 0x000000070ee00000, 0x000000070f000000|  0%| F|  |TAMS 0x000000070ee00000| PB 0x000000070ee00000| Untracked 
|  93|0x000000070f000000, 0x000000070f000000, 0x000000070f200000|  0%| F|  |TAMS 0x000000070f000000| PB 0x000000070f000000| Untracked 
|  94|0x000000070f200000, 0x000000070f2bb660, 0x000000070f400000| 36%| E|  |TAMS 0x000000070f200000| PB 0x000000070f200000| Complete 
|  95|0x000000070f400000, 0x000000070f600000, 0x000000070f600000|100%| E|CS|TAMS 0x000000070f400000| PB 0x000000070f400000| Complete 
|  96|0x000000070f600000, 0x000000070f800000, 0x000000070f800000|100%| E|CS|TAMS 0x000000070f600000| PB 0x000000070f600000| Complete 
|  97|0x000000070f800000, 0x000000070fa00000, 0x000000070fa00000|100%| E|CS|TAMS 0x000000070f800000| PB 0x000000070f800000| Complete 
|  98|0x000000070fa00000, 0x000000070fc00000, 0x000000070fc00000|100%| E|CS|TAMS 0x000000070fa00000| PB 0x000000070fa00000| Complete 
|  99|0x000000070fc00000, 0x000000070fe00000, 0x000000070fe00000|100%| E|CS|TAMS 0x000000070fc00000| PB 0x000000070fc00000| Complete 
| 100|0x000000070fe00000, 0x0000000710000000, 0x0000000710000000|100%| E|CS|TAMS 0x000000070fe00000| PB 0x000000070fe00000| Complete 
| 101|0x0000000710000000, 0x0000000710200000, 0x0000000710200000|100%| E|CS|TAMS 0x0000000710000000| PB 0x0000000710000000| Complete 
| 102|0x0000000710200000, 0x0000000710400000, 0x0000000710400000|100%| E|CS|TAMS 0x0000000710200000| PB 0x0000000710200000| Complete 
| 103|0x0000000710400000, 0x0000000710600000, 0x0000000710600000|100%| E|CS|TAMS 0x0000000710400000| PB 0x0000000710400000| Complete 
| 104|0x0000000710600000, 0x0000000710800000, 0x0000000710800000|100%| E|CS|TAMS 0x0000000710600000| PB 0x0000000710600000| Complete 
| 105|0x0000000710800000, 0x0000000710a00000, 0x0000000710a00000|100%| S|CS|TAMS 0x0000000710800000| PB 0x0000000710800000| Complete 
| 106|0x0000000710a00000, 0x0000000710c00000, 0x0000000710c00000|100%| S|CS|TAMS 0x0000000710a00000| PB 0x0000000710a00000| Complete 
| 107|0x0000000710c00000, 0x0000000710e00000, 0x0000000710e00000|100%| S|CS|TAMS 0x0000000710c00000| PB 0x0000000710c00000| Complete 
| 108|0x0000000710e00000, 0x0000000711000000, 0x0000000711000000|100%| E|CS|TAMS 0x0000000710e00000| PB 0x0000000710e00000| Complete 
| 109|0x0000000711000000, 0x0000000711200000, 0x0000000711200000|100%| E|CS|TAMS 0x0000000711000000| PB 0x0000000711000000| Complete 
| 110|0x0000000711200000, 0x0000000711400000, 0x0000000711400000|100%| E|CS|TAMS 0x0000000711200000| PB 0x0000000711200000| Complete 
| 111|0x0000000711400000, 0x0000000711600000, 0x0000000711600000|100%| E|CS|TAMS 0x0000000711400000| PB 0x0000000711400000| Complete 
| 112|0x0000000711600000, 0x0000000711800000, 0x0000000711800000|100%| E|CS|TAMS 0x0000000711600000| PB 0x0000000711600000| Complete 
| 113|0x0000000711800000, 0x0000000711a00000, 0x0000000711a00000|100%| E|CS|TAMS 0x0000000711800000| PB 0x0000000711800000| Complete 
| 114|0x0000000711a00000, 0x0000000711c00000, 0x0000000711c00000|100%| E|CS|TAMS 0x0000000711a00000| PB 0x0000000711a00000| Complete 
| 115|0x0000000711c00000, 0x0000000711e00000, 0x0000000711e00000|100%| E|CS|TAMS 0x0000000711c00000| PB 0x0000000711c00000| Complete 
| 116|0x0000000711e00000, 0x0000000712000000, 0x0000000712000000|100%| E|CS|TAMS 0x0000000711e00000| PB 0x0000000711e00000| Complete 
| 117|0x0000000712000000, 0x0000000712200000, 0x0000000712200000|100%| E|CS|TAMS 0x0000000712000000| PB 0x0000000712000000| Complete 
| 118|0x0000000712200000, 0x0000000712400000, 0x0000000712400000|100%| E|CS|TAMS 0x0000000712200000| PB 0x0000000712200000| Complete 
| 119|0x0000000712400000, 0x0000000712600000, 0x0000000712600000|100%| E|CS|TAMS 0x0000000712400000| PB 0x0000000712400000| Complete 
| 120|0x0000000712600000, 0x0000000712800000, 0x0000000712800000|100%| E|CS|TAMS 0x0000000712600000| PB 0x0000000712600000| Complete 
| 121|0x0000000712800000, 0x0000000712a00000, 0x0000000712a00000|100%| E|CS|TAMS 0x0000000712800000| PB 0x0000000712800000| Complete 
| 122|0x0000000712a00000, 0x0000000712c00000, 0x0000000712c00000|100%| E|CS|TAMS 0x0000000712a00000| PB 0x0000000712a00000| Complete 
| 123|0x0000000712c00000, 0x0000000712e00000, 0x0000000712e00000|100%| E|CS|TAMS 0x0000000712c00000| PB 0x0000000712c00000| Complete 
| 124|0x0000000712e00000, 0x0000000713000000, 0x0000000713000000|100%| E|CS|TAMS 0x0000000712e00000| PB 0x0000000712e00000| Complete 
| 125|0x0000000713000000, 0x0000000713200000, 0x0000000713200000|100%| E|CS|TAMS 0x0000000713000000| PB 0x0000000713000000| Complete 
| 126|0x0000000713200000, 0x0000000713400000, 0x0000000713400000|100%| E|CS|TAMS 0x0000000713200000| PB 0x0000000713200000| Complete 

Card table byte_map: [0x000002863c780000,0x000002863cf70000] _byte_map_base: 0x0000028638f65000

Marking Bits: (CMBitMap*) 0x0000028622cfd010
 Bits: [0x000002863d760000, 0x0000028641688000)

Polling page: 0x0000028622d50000

Metaspace:

Usage:
  Non-class:     14.12 MB used.
      Class:      2.32 MB used.
       Both:     16.44 MB used.

Virtual space:
  Non-class space:       64.00 MB reserved,      14.31 MB ( 22%) committed,  1 nodes.
      Class space:        1.00 GB reserved,       2.44 MB ( <1%) committed,  1 nodes.
             Both:        1.06 GB reserved,      16.75 MB (  2%) committed. 

Chunk freelists:
   Non-Class:  1.17 MB
       Class:  1.38 MB
        Both:  2.55 MB

MaxMetaspaceSize: unlimited
CompressedClassSpaceSize: 1.00 GB
Initial GC threshold: 21.00 MB
Current GC threshold: 21.00 MB
CDS: on
MetaspaceReclaimPolicy: balanced
 - commit_granule_bytes: 65536.
 - commit_granule_words: 8192.
 - virtual_space_node_default_size: 8388608.
 - enlarge_chunks_in_place: 1.
 - new_chunks_are_fully_committed: 0.
 - uncommit_free_chunks: 1.
 - use_allocation_guard: 0.


Internal statistics:

num_allocs_failed_limit: 0.
num_arena_births: 256.
num_arena_deaths: 0.
num_vsnodes_births: 2.
num_vsnodes_deaths: 0.
num_space_committed: 268.
num_space_uncommitted: 0.
num_chunks_returned_to_freelist: 0.
num_chunks_taken_from_freelist: 822.
num_chunk_merges: 0.
num_chunk_splits: 584.
num_chunks_enlarged: 458.
num_inconsistent_stats: 0.

CodeHeap 'non-profiled nmethods': size=120000Kb used=2633Kb max_used=2633Kb free=117366Kb
 bounds [0x0000028633ff0000, 0x0000028634290000, 0x000002863b520000]
CodeHeap 'profiled nmethods': size=120000Kb used=9447Kb max_used=9447Kb free=110552Kb
 bounds [0x000002862c520000, 0x000002862ce60000, 0x0000028633a50000]
CodeHeap 'non-nmethods': size=5760Kb used=2073Kb max_used=2128Kb free=3686Kb
 bounds [0x0000028633a50000, 0x0000028633cc0000, 0x0000028633ff0000]
 total_blobs=5651 nmethods=4823 adapters=737
 compilation: enabled
              stopped_count=0, restarted_count=0
 full_count=0

Compilation events (20 events):
Event: 116.648 Thread 0x0000028644174710 nmethod 4818 0x000002862ce54a10 code [0x000002862ce54c80, 0x000002862ce55b00]
Event: 116.648 Thread 0x0000028644174710 4819       3       java.lang.Throwable$WrappedPrintStream::println (9 bytes)
Event: 116.648 Thread 0x0000028644174710 nmethod 4819 0x000002862ce56010 code [0x000002862ce561a0, 0x000002862ce562f8]
Event: 116.648 Thread 0x0000028644174710 4820       3       java.lang.StackTraceElement::toString (298 bytes)
Event: 116.648 Thread 0x0000028644174710 nmethod 4820 0x000002862ce56410 code [0x000002862ce568a0, 0x000002862ce588e0]
Event: 116.648 Thread 0x0000028644174710 4821       3       java.lang.StackTraceElement::dropModuleVersion (16 bytes)
Event: 116.648 Thread 0x0000028644174710 nmethod 4821 0x000002862ce59490 code [0x000002862ce59620, 0x000002862ce59790]
Event: 116.649 Thread 0x0000028644174710 4822       3       java.io.BufferedOutputStream::growIfNeeded (59 bytes)
Event: 116.649 Thread 0x0000028644174710 nmethod 4822 0x000002862ce59810 code [0x000002862ce599c0, 0x000002862ce59cd0]
Event: 116.649 Thread 0x0000028644160ed0 nmethod 4807 0x0000028634280610 code [0x00000286342807a0, 0x0000028634280de0]
Event: 116.649 Thread 0x0000028644160ed0 4813       4       java.nio.Buffer::clear (20 bytes)
Event: 116.649 Thread 0x0000028644160ed0 nmethod 4813 0x0000028634281190 code [0x0000028634281300, 0x00000286342813a0]
Event: 116.649 Thread 0x0000028644160ed0 4823       4       java.nio.ByteBuffer::array (35 bytes)
Event: 116.650 Thread 0x0000028644160ed0 nmethod 4823 0x0000028634281490 code [0x0000028634281600, 0x00000286342816b8]
Event: 117.770 Thread 0x0000028644160ed0 4824       4       java.util.stream.StreamSupport::stream (19 bytes)
Event: 117.776 Thread 0x0000028644160ed0 nmethod 4824 0x0000028634281790 code [0x0000028634281900, 0x0000028634281c50]
Event: 117.776 Thread 0x0000028644160ed0 4825       4       java.util.stream.StreamOpFlag::fromCharacteristics (37 bytes)
Event: 117.777 Thread 0x0000028644160ed0 nmethod 4825 0x0000028634281e10 code [0x0000028634281f80, 0x0000028634282048]
Event: 117.777 Thread 0x0000028644160ed0 4826       4       java.util.stream.AbstractPipeline::<init> (55 bytes)
Event: 117.778 Thread 0x0000028644160ed0 nmethod 4826 0x0000028634282190 code [0x0000028634282300, 0x0000028634282550]

GC Heap History (4 events):
Event: 0.344 GC heap before
{Heap before GC invocations=0 (full 0):
 garbage-first heap   total 260096K, used 20480K [0x0000000703600000, 0x0000000800000000)
  region size 2048K, 11 young (22528K), 0 survivors (0K)
 Metaspace       used 4978K, committed 5120K, reserved 1114112K
  class space    used 643K, committed 704K, reserved 1048576K
}
Event: 0.346 GC heap after
{Heap after GC invocations=1 (full 0):
 garbage-first heap   total 260096K, used 3195K [0x0000000703600000, 0x0000000800000000)
  region size 2048K, 2 young (4096K), 2 survivors (4096K)
 Metaspace       used 4978K, committed 5120K, reserved 1114112K
  class space    used 643K, committed 704K, reserved 1048576K
}
Event: 1.025 GC heap before
{Heap before GC invocations=1 (full 0):
 garbage-first heap   total 260096K, used 42107K [0x0000000703600000, 0x0000000800000000)
  region size 2048K, 19 young (38912K), 2 survivors (4096K)
 Metaspace       used 14287K, committed 14528K, reserved 1114112K
  class space    used 2248K, committed 2368K, reserved 1048576K
}
Event: 1.029 GC heap after
{Heap after GC invocations=2 (full 0):
 garbage-first heap   total 260096K, used 13905K [0x0000000703600000, 0x0000000800000000)
  region size 2048K, 3 young (6144K), 3 survivors (6144K)
 Metaspace       used 14287K, committed 14528K, reserved 1114112K
  class space    used 2248K, committed 2368K, reserved 1048576K
}

Dll operation events (20 events):
Event: 0.191 Loaded shared library C:\javafx-sdk-21\bin\api-ms-win-crt-math-l1-1-0.dll
Event: 0.191 Loaded shared library C:\javafx-sdk-21\bin\api-ms-win-crt-multibyte-l1-1-0.dll
Event: 0.192 Loaded shared library C:\javafx-sdk-21\bin\api-ms-win-crt-private-l1-1-0.dll
Event: 0.192 Loaded shared library C:\javafx-sdk-21\bin\api-ms-win-crt-process-l1-1-0.dll
Event: 0.193 Loaded shared library C:\javafx-sdk-21\bin\api-ms-win-crt-runtime-l1-1-0.dll
Event: 0.193 Loaded shared library C:\javafx-sdk-21\bin\api-ms-win-crt-stdio-l1-1-0.dll
Event: 0.194 Loaded shared library C:\javafx-sdk-21\bin\api-ms-win-crt-string-l1-1-0.dll
Event: 0.194 Loaded shared library C:\javafx-sdk-21\bin\api-ms-win-crt-time-l1-1-0.dll
Event: 0.195 Loaded shared library C:\javafx-sdk-21\bin\api-ms-win-crt-utility-l1-1-0.dll
Event: 0.195 Loaded shared library C:\javafx-sdk-21\bin\ucrtbase.dll
Event: 0.196 Loaded shared library C:\javafx-sdk-21\bin\vcruntime140.dll
Event: 0.196 Loaded shared library C:\javafx-sdk-21\bin\vcruntime140_1.dll
Event: 0.197 Loaded shared library C:\javafx-sdk-21\bin\msvcp140.dll
Event: 0.198 Loaded shared library C:\javafx-sdk-21\bin\msvcp140_1.dll
Event: 0.199 Loaded shared library C:\javafx-sdk-21\bin\msvcp140_2.dll
Event: 0.226 Loaded shared library C:\javafx-sdk-21\bin\prism_d3d.dll
Event: 0.257 Loaded shared library C:\javafx-sdk-21\bin\glass.dll
Event: 0.396 Loaded shared library C:\javafx-sdk-21\bin\javafx_font.dll
Event: 0.411 Loaded shared library C:\Users\Swift\.jdks\openjdk-20.0.2\bin\jimage.dll
Event: 0.627 Loaded shared library C:\javafx-sdk-21\bin\javafx_iio.dll

Deoptimization events (20 events):
Event: 95.082 Thread 0x000002868ac45420 Uncommon trap: trap_request=0xffffff45 fr.pc=0x000002863425d244 relative=0x0000000000000184
Event: 95.082 Thread 0x000002868ac45420 Uncommon trap: reason=unstable_if action=reinterpret pc=0x000002863425d244 method=com.sun.javafx.geom.transform.AffineBase.invert()V @ 4 c2
Event: 95.082 Thread 0x000002868ac45420 DEOPT PACKING pc=0x000002863425d244 sp=0x000000a170dfa630
Event: 95.082 Thread 0x000002868ac45420 DEOPT UNPACKING pc=0x0000028633a6d2a2 sp=0x000000a170dfa558 mode 2
Event: 95.089 Thread 0x000002868ac45420 Uncommon trap: trap_request=0xffffff45 fr.pc=0x00000286341e5e68 relative=0x00000000000018a8
Event: 95.089 Thread 0x000002868ac45420 Uncommon trap: reason=unstable_if action=reinterpret pc=0x00000286341e5e68 method=javafx.scene.CssStyleHelper.createStyleHelper(Ljavafx/scene/Node;)Ljavafx/scene/CssStyleHelper; @ 196 c2
Event: 95.089 Thread 0x000002868ac45420 DEOPT PACKING pc=0x00000286341e5e68 sp=0x000000a170df9570
Event: 95.089 Thread 0x000002868ac45420 DEOPT UNPACKING pc=0x0000028633a6d2a2 sp=0x000000a170df9540 mode 2
Event: 95.106 Thread 0x000002868ac45420 Uncommon trap: trap_request=0xffffff45 fr.pc=0x0000028634213a04 relative=0x0000000000000b44
Event: 95.106 Thread 0x000002868ac45420 Uncommon trap: reason=unstable_if action=reinterpret pc=0x0000028634213a04 method=javafx.scene.Node.doUpdatePeer()V @ 216 c2
Event: 95.106 Thread 0x000002868ac45420 DEOPT PACKING pc=0x0000028634213a04 sp=0x000000a170df9940
Event: 95.106 Thread 0x000002868ac45420 DEOPT UNPACKING pc=0x0000028633a6d2a2 sp=0x000000a170df9908 mode 2
Event: 95.108 Thread 0x000002868a8ef160 Uncommon trap: trap_request=0xffffff45 fr.pc=0x00000286341f7408 relative=0x0000000000000208
Event: 95.108 Thread 0x000002868a8ef160 Uncommon trap: reason=unstable_if action=reinterpret pc=0x00000286341f7408 method=com.sun.javafx.sg.prism.NGRegion.renderContent(Lcom/sun/prism/Graphics;)V @ 101 c2
Event: 95.108 Thread 0x000002868a8ef160 DEOPT PACKING pc=0x00000286341f7408 sp=0x000000a170bfe7d0
Event: 95.108 Thread 0x000002868a8ef160 DEOPT UNPACKING pc=0x0000028633a6d2a2 sp=0x000000a170bfe780 mode 2
Event: 119.764 Thread 0x000002868a8ef160 Uncommon trap: trap_request=0xffffff45 fr.pc=0x0000028634257304 relative=0x00000000000004c4
Event: 119.764 Thread 0x000002868a8ef160 Uncommon trap: reason=unstable_if action=reinterpret pc=0x0000028634257304 method=java.util.concurrent.locks.AbstractQueuedSynchronizer$ConditionNode.isReleasable()Z @ 14 c2
Event: 119.764 Thread 0x000002868a8ef160 DEOPT PACKING pc=0x0000028634257304 sp=0x000000a170bff310
Event: 119.764 Thread 0x000002868a8ef160 DEOPT UNPACKING pc=0x0000028633a6d2a2 sp=0x000000a170bff138 mode 2

Classes loaded (20 events):
Event: 1.034 Loading class sun/util/resources/TimeZoneNames_en
Event: 1.034 Loading class sun/util/resources/TimeZoneNames_en done
Event: 1.322 Loading class java/util/EnumMap$Values
Event: 1.322 Loading class java/util/EnumMap$Values done
Event: 1.322 Loading class java/util/EnumMap$ValueIterator
Event: 1.322 Loading class java/util/EnumMap$EnumMapIterator
Event: 1.322 Loading class java/util/EnumMap$EnumMapIterator done
Event: 1.322 Loading class java/util/EnumMap$ValueIterator done
Event: 2.437 Loading class java/io/UnsupportedEncodingException
Event: 2.437 Loading class java/io/UnsupportedEncodingException done
Event: 16.340 Loading class java/lang/foreign/MemorySegment
Event: 16.340 Loading class java/lang/foreign/MemorySegment done
Event: 114.596 Loading class java/lang/Throwable$WrappedPrintStream
Event: 114.597 Loading class java/lang/Throwable$PrintStreamOrWriter
Event: 114.597 Loading class java/lang/Throwable$PrintStreamOrWriter done
Event: 114.597 Loading class java/lang/Throwable$WrappedPrintStream done
Event: 114.597 Loading class java/lang/StackTraceElement$HashedModules
Event: 114.598 Loading class java/lang/StackTraceElement$HashedModules done
Event: 119.762 Loading class jdk/internal/misc/Signal$1
Event: 119.763 Loading class jdk/internal/misc/Signal$1 done

Classes unloaded (0 events):
No events

Classes redefined (0 events):
No events

Internal exceptions (20 events):
Event: 0.701 Thread 0x000002868ac45420 Exception <a 'java/lang/ClassNotFoundException'{0x00000007116ea308}: com/sun/javafx/scene/control/skin/resources/controls> (0x00000007116ea308) 
thrown [s\open\src\hotspot\share\prims\jni.cpp, line 538]
Event: 0.702 Thread 0x000002868ac45420 Exception <a 'java/lang/ClassNotFoundException'{0x00000007116f8570}: com/sun/javafx/scene/control/skin/resources/controls_ru> (0x00000007116f8570) 
thrown [s\open\src\hotspot\share\prims\jni.cpp, line 538]
Event: 0.702 Thread 0x000002868ac45420 Exception <a 'java/lang/ClassNotFoundException'{0x00000007116f9800}: com/sun/javafx/scene/control/skin/resources/controls_ru_RU> (0x00000007116f9800) 
thrown [s\open\src\hotspot\share\prims\jni.cpp, line 538]
Event: 0.727 Thread 0x000002868ac45420 Exception <a 'java/lang/NoSuchMethodError'{0x00000007114701b0}: 'void java.lang.invoke.DirectMethodHandle$Holder.invokeSpecial(java.lang.Object, java.lang.Object, java.lang.Object, java.lang.Object, java.lang.Object, java.lang.Object)'> (0x00000007114701b0) 
thrown [s\open\src\hotspot\share\interpreter\linkResolver.cpp, line 773]
Event: 0.758 Thread 0x000002868ac45420 Exception <a 'java/lang/NoSuchMethodError'{0x00000007115f58a0}: 'int java.lang.invoke.DirectMethodHandle$Holder.invokeSpecial(java.lang.Object, java.lang.Object, int)'> (0x00000007115f58a0) 
thrown [s\open\src\hotspot\share\interpreter\linkResolver.cpp, line 773]
Event: 0.759 Thread 0x000002868ac45420 Exception <a 'java/lang/NoSuchMethodError'{0x00000007115fcef0}: 'int java.lang.invoke.DirectMethodHandle$Holder.invokeSpecial(java.lang.Object, java.lang.Object, java.lang.Object, int)'> (0x00000007115fcef0) 
thrown [s\open\src\hotspot\share\interpreter\linkResolver.cpp, line 773]
Event: 0.760 Thread 0x000002868ac45420 Exception <a 'java/lang/NoSuchMethodError'{0x000000071120f7a0}: 'java.lang.Object java.lang.invoke.DirectMethodHandle$Holder.invokeStatic(java.lang.Object, java.lang.Object, java.lang.Object, java.lang.Object, int)'> (0x000000071120f7a0) 
thrown [s\open\src\hotspot\share\interpreter\linkResolver.cpp, line 773]
Event: 0.760 Thread 0x000002868ac45420 Exception <a 'java/lang/NoSuchMethodError'{0x0000000711217b98}: 'int java.lang.invoke.DirectMethodHandle$Holder.invokeSpecial(java.lang.Object, java.lang.Object, java.lang.Object)'> (0x0000000711217b98) 
thrown [s\open\src\hotspot\share\interpreter\linkResolver.cpp, line 773]
Event: 0.775 Thread 0x000002868ac45420 Exception <a 'java/lang/NoSuchMethodError'{0x0000000711275cb0}: 'java.lang.Object java.lang.invoke.DirectMethodHandle$Holder.newInvokeSpecial(java.lang.Object, java.lang.Object, int)'> (0x0000000711275cb0) 
thrown [s\open\src\hotspot\share\interpreter\linkResolver.cpp, line 773]
Event: 0.809 Thread 0x000002868a8ef160 Exception <a 'java/lang/NoSuchMethodError'{0x00000007113986a8}: 'int java.lang.invoke.DirectMethodHandle$Holder.invokeStaticInit(java.lang.Object, java.lang.Object)'> (0x00000007113986a8) 
thrown [s\open\src\hotspot\share\interpreter\linkResolver.cpp, line 773]
Event: 0.841 Thread 0x000002868a8ef160 Exception <a 'java/lang/NoSuchMethodError'{0x0000000711092d38}: 'java.lang.Object java.lang.invoke.DirectMethodHandle$Holder.invokeStaticInit(java.lang.Object, int)'> (0x0000000711092d38) 
thrown [s\open\src\hotspot\share\interpreter\linkResolver.cpp, line 773]
Event: 2.444 Thread 0x000002868ac45420 Exception <a 'java/lang/NoSuchMethodError'{0x00000007133d3448}: 'long java.lang.invoke.DirectMethodHandle$Holder.invokeStatic(java.lang.Object, java.lang.Object, java.lang.Object)'> (0x00000007133d3448) 
thrown [s\open\src\hotspot\share\interpreter\linkResolver.cpp, line 773]
Event: 2.444 Thread 0x000002868ac45420 Exception <a 'java/lang/NoSuchMethodError'{0x00000007133d6818}: 'long java.lang.invoke.DirectMethodHandle$Holder.invokeStaticInit(java.lang.Object, java.lang.Object, java.lang.Object)'> (0x00000007133d6818) 
thrown [s\open\src\hotspot\share\interpreter\linkResolver.cpp, line 773]
Event: 2.445 Thread 0x000002868ac45420 Exception <a 'java/lang/NoSuchMethodError'{0x00000007133ee968}: 'java.lang.Object java.lang.invoke.DirectMethodHandle$Holder.newInvokeSpecial(java.lang.Object, java.lang.Object, long)'> (0x00000007133ee968) 
thrown [s\open\src\hotspot\share\interpreter\linkResolver.cpp, line 773]
Event: 2.445 Thread 0x000002868ac45420 Exception <a 'java/lang/NoSuchMethodError'{0x00000007133f2260}: 'java.lang.Object java.lang.invoke.Invokers$Holder.linkToTargetMethod(java.lang.Object, long, java.lang.Object)'> (0x00000007133f2260) 
thrown [s\open\src\hotspot\share\interpreter\linkResolver.cpp, line 773]
Event: 90.376 Thread 0x000002868ac45420 Implicit null exception at 0x0000028634218d1a to 0x0000028634218db0
Event: 101.305 Thread 0x000002868ac45420 Exception <a 'java/lang/NoSuchMethodError'{0x000000070f7f79f8}: 'java.lang.Object java.lang.invoke.DirectMethodHandle$Holder.newInvokeSpecial(java.lang.Object, java.lang.Object, java.lang.Object, double, double, double, double, int, int, int, int, int, int, int, int, int)'> (0x000000070f7f79f8) 
thrown [s\open\src\hotspot\share\interpreter\linkResolver.cpp, line 773]
Event: 105.728 Thread 0x000002868ac45420 Exception <a 'java/lang/NoSuchMethodError'{0x000000070f4a57c0}: 'java.lang.Object java.lang.invoke.DirectMethodHandle$Holder.newInvokeSpecial(java.lang.Object, java.lang.Object, int, int, int, int, int, java.lang.Object)'> (0x000000070f4a57c0) 
thrown [s\open\src\hotspot\share\interpreter\linkResolver.cpp, line 773]
Event: 105.731 Thread 0x000002868ac45420 Exception <a 'java/lang/NoSuchMethodError'{0x000000070f4b87c0}: 'java.lang.Object java.lang.invoke.DirectMethodHandle$Holder.newInvokeSpecial(java.lang.Object, java.lang.Object, java.lang.Object, int, int, int, int, int)'> (0x000000070f4b87c0) 
thrown [s\open\src\hotspot\share\interpreter\linkResolver.cpp, line 773]
Event: 105.731 Thread 0x000002868ac45420 Exception <a 'java/lang/NoSuchMethodError'{0x000000070f4c05c0}: 'java.lang.Object java.lang.invoke.Invokers$Holder.linkToTargetMethod(java.lang.Object, java.lang.Object, int, int, int, int, int, java.lang.Object)'> (0x000000070f4c05c0) 
thrown [s\open\src\hotspot\share\interpreter\linkResolver.cpp, line 773]

VM Operations (20 events):
Event: 89.163 Executing VM operation: Cleanup done
Event: 91.164 Executing VM operation: Cleanup
Event: 91.165 Executing VM operation: Cleanup done
Event: 93.165 Executing VM operation: Cleanup
Event: 93.166 Executing VM operation: Cleanup done
Event: 95.166 Executing VM operation: Cleanup
Event: 95.167 Executing VM operation: Cleanup done
Event: 102.168 Executing VM operation: Cleanup
Event: 102.169 Executing VM operation: Cleanup done
Event: 103.169 Executing VM operation: Cleanup
Event: 103.169 Executing VM operation: Cleanup done
Event: 106.170 Executing VM operation: Cleanup
Event: 106.170 Executing VM operation: Cleanup done
Event: 108.172 Executing VM operation: Cleanup
Event: 108.172 Executing VM operation: Cleanup done
Event: 115.173 Executing VM operation: Cleanup
Event: 115.174 Executing VM operation: Cleanup done
Event: 117.173 Executing VM operation: Cleanup
Event: 117.174 Executing VM operation: Cleanup done
Event: 119.764 Executing VM operation: Exit

Events (20 events):
Event: 0.316 Thread 0x000002868b4fefd0 Thread added: 0x000002868b4fefd0
Event: 0.409 Thread 0x000002868b3a2c10 Thread added: 0x000002868b3a2c10
Event: 0.859 Thread 0x000002868b3a3c00 Thread added: 0x000002868b3a3c00
Event: 0.877 Thread 0x00000286894f42d0 Thread exited: 0x00000286894f42d0
Event: 0.877 Thread 0x000002868962c5e0 Thread exited: 0x000002868962c5e0
Event: 1.030 Thread 0x0000028689aec6a0 Thread added: 0x0000028689aec6a0
Event: 1.326 Thread 0x0000028689aec6a0 Thread exited: 0x0000028689aec6a0
Event: 7.897 Thread 0x000002868a6538e0 Thread added: 0x000002868a6538e0
Event: 8.196 Thread 0x000002868a6538e0 Thread exited: 0x000002868a6538e0
Event: 8.436 Thread 0x000002868a659f60 Thread added: 0x000002868a659f60
Event: 10.891 Thread 0x000002868a659f60 Thread exited: 0x000002868a659f60
Event: 13.159 Thread 0x000002868b5924a0 Thread added: 0x000002868b5924a0
Event: 13.644 Thread 0x000002868b5924a0 Thread exited: 0x000002868b5924a0
Event: 95.092 Thread 0x00000286967f9fd0 Thread added: 0x00000286967f9fd0
Event: 99.439 Thread 0x00000286967f9fd0 Thread exited: 0x00000286967f9fd0
Event: 119.763 Thread 0x000002868b3a0c30 Thread added: 0x000002868b3a0c30
Event: 119.763 Thread 0x000002868b3a1180 Thread added: 0x000002868b3a1180
Event: 119.763 Thread 0x000002868b3a4150 Thread added: 0x000002868b3a4150
Event: 119.763 Thread 0x000002868b3a4150 Thread exited: 0x000002868b3a4150
Event: 119.764 Thread 0x000002868b3a1180 Thread exited: 0x000002868b3a1180


Dynamic libraries:
0x00007ff69c740000 - 0x00007ff69c74e000 	C:\Users\Swift\.jdks\openjdk-20.0.2\bin\java.exe
0x00007ffa44930000 - 0x00007ffa44b44000 	C:\Windows\SYSTEM32\ntdll.dll
0x00007ffa43c40000 - 0x00007ffa43d04000 	C:\Windows\System32\KERNEL32.DLL
0x00007ffa41e20000 - 0x00007ffa421c4000 	C:\Windows\System32\KERNELBASE.dll
0x00007ffa421d0000 - 0x00007ffa422e1000 	C:\Windows\System32\ucrtbase.dll
0x00007ffa37730000 - 0x00007ffa3774b000 	C:\Users\Swift\.jdks\openjdk-20.0.2\bin\VCRUNTIME140.dll
0x00007ffa34f60000 - 0x00007ffa34f77000 	C:\Users\Swift\.jdks\openjdk-20.0.2\bin\jli.dll
0x00007ffa43a20000 - 0x00007ffa43bce000 	C:\Windows\System32\USER32.dll
0x00007ffa422f0000 - 0x00007ffa42316000 	C:\Windows\System32\win32u.dll
0x00007ffa1fd00000 - 0x00007ffa1ff93000 	C:\Windows\WinSxS\amd64_microsoft.windows.common-controls_6595b64144ccf1df_6.0.22621.2215_none_270d72677387dfc3\COMCTL32.dll
0x00007ffa42fd0000 - 0x00007ffa42ff9000 	C:\Windows\System32\GDI32.dll
0x00007ffa447e0000 - 0x00007ffa44887000 	C:\Windows\System32\msvcrt.dll
0x00007ffa42490000 - 0x00007ffa425a8000 	C:\Windows\System32\gdi32full.dll
0x00007ffa425b0000 - 0x00007ffa4264a000 	C:\Windows\System32\msvcp_win.dll
0x00007ffa44650000 - 0x00007ffa44681000 	C:\Windows\System32\IMM32.DLL
0x00007ffa39590000 - 0x00007ffa3959c000 	C:\Users\Swift\.jdks\openjdk-20.0.2\bin\vcruntime140_1.dll
0x00007ffa2b2f0000 - 0x00007ffa2b37e000 	C:\Users\Swift\.jdks\openjdk-20.0.2\bin\msvcp140.dll
0x00007ff9eb270000 - 0x00007ff9ebf08000 	C:\Users\Swift\.jdks\openjdk-20.0.2\bin\server\jvm.dll
0x00007ffa42830000 - 0x00007ffa428e0000 	C:\Windows\System32\ADVAPI32.dll
0x00007ffa426d0000 - 0x00007ffa42776000 	C:\Windows\System32\sechost.dll
0x00007ffa42b00000 - 0x00007ffa42c17000 	C:\Windows\System32\RPCRT4.dll
0x00007ffa356b0000 - 0x00007ffa356e4000 	C:\Windows\SYSTEM32\WINMM.dll
0x00007ffa1c110000 - 0x00007ffa1c119000 	C:\Windows\SYSTEM32\WSOCK32.dll
0x00007ffa35480000 - 0x00007ffa3548a000 	C:\Windows\SYSTEM32\VERSION.dll
0x00007ffa44500000 - 0x00007ffa44571000 	C:\Windows\System32\WS2_32.dll
0x00007ffa40e20000 - 0x00007ffa40e38000 	C:\Windows\SYSTEM32\kernel.appcore.dll
0x00007ffa38810000 - 0x00007ffa3881a000 	C:\Users\Swift\.jdks\openjdk-20.0.2\bin\jimage.dll
0x00007ffa3ef30000 - 0x00007ffa3f15e000 	C:\Windows\SYSTEM32\DBGHELP.DLL
0x00007ffa42c40000 - 0x00007ffa42fca000 	C:\Windows\System32\combase.dll
0x00007ffa43830000 - 0x00007ffa43907000 	C:\Windows\System32\OLEAUT32.dll
0x00007ffa31c90000 - 0x00007ffa31cc2000 	C:\Windows\SYSTEM32\dbgcore.DLL
0x00007ffa41ce0000 - 0x00007ffa41d5a000 	C:\Windows\System32\bcryptPrimitives.dll
0x00007ffa37720000 - 0x00007ffa3772e000 	C:\Users\Swift\.jdks\openjdk-20.0.2\bin\instrument.dll
0x00007ffa2a330000 - 0x00007ffa2a356000 	C:\Users\Swift\.jdks\openjdk-20.0.2\bin\java.dll
0x00007ffa26290000 - 0x00007ffa26367000 	C:\Users\Swift\.jdks\openjdk-20.0.2\bin\jsvml.dll
0x00007ffa43000000 - 0x00007ffa43823000 	C:\Windows\System32\SHELL32.dll
0x00007ffa3fc30000 - 0x00007ffa4051a000 	C:\Windows\SYSTEM32\windows.storage.dll
0x00007ffa3faf0000 - 0x00007ffa3fc2e000 	C:\Windows\SYSTEM32\wintypes.dll
0x00007ffa43920000 - 0x00007ffa43a13000 	C:\Windows\System32\SHCORE.dll
0x00007ffa428e0000 - 0x00007ffa4293e000 	C:\Windows\System32\shlwapi.dll
0x00007ffa41c10000 - 0x00007ffa41c36000 	C:\Windows\SYSTEM32\profapi.dll
0x00007ffa31090000 - 0x00007ffa310a3000 	C:\Users\Swift\.jdks\openjdk-20.0.2\bin\net.dll
0x00007ffa380c0000 - 0x00007ffa381f7000 	C:\Windows\SYSTEM32\WINHTTP.dll
0x00007ffa412a0000 - 0x00007ffa41309000 	C:\Windows\system32\mswsock.dll
0x00007ffa2b2d0000 - 0x00007ffa2b2e6000 	C:\Users\Swift\.jdks\openjdk-20.0.2\bin\nio.dll
0x00007ffa270b0000 - 0x00007ffa270c8000 	C:\Users\Swift\.jdks\openjdk-20.0.2\bin\zip.dll
0x00007ffa27090000 - 0x00007ffa270aa000 	C:\Program Files\JetBrains\IntelliJ IDEA Community Edition 2023.2.3\bin\breakgen64.dll
0x00007ffa2b210000 - 0x00007ffa2b217000 	C:\Users\Swift\.jdks\openjdk-20.0.2\bin\extnet.dll
0x00000286442d0000 - 0x00000286442d3000 	C:\javafx-sdk-21\bin\api-ms-win-core-console-l1-1-0.dll
0x00000286442e0000 - 0x00000286442e3000 	C:\javafx-sdk-21\bin\api-ms-win-core-console-l1-2-0.dll
0x00000286442f0000 - 0x00000286442f3000 	C:\javafx-sdk-21\bin\api-ms-win-core-datetime-l1-1-0.dll
0x0000028644300000 - 0x0000028644303000 	C:\javafx-sdk-21\bin\api-ms-win-core-debug-l1-1-0.dll
0x0000028644310000 - 0x0000028644313000 	C:\javafx-sdk-21\bin\api-ms-win-core-errorhandling-l1-1-0.dll
0x0000028644320000 - 0x0000028644324000 	C:\javafx-sdk-21\bin\api-ms-win-core-file-l1-1-0.dll
0x0000028644330000 - 0x0000028644333000 	C:\javafx-sdk-21\bin\api-ms-win-core-file-l1-2-0.dll
0x0000028644340000 - 0x0000028644343000 	C:\javafx-sdk-21\bin\api-ms-win-core-file-l2-1-0.dll
0x0000028644350000 - 0x0000028644353000 	C:\javafx-sdk-21\bin\api-ms-win-core-handle-l1-1-0.dll
0x0000028644360000 - 0x0000028644363000 	C:\javafx-sdk-21\bin\api-ms-win-core-heap-l1-1-0.dll
0x0000028644370000 - 0x0000028644373000 	C:\javafx-sdk-21\bin\api-ms-win-core-interlocked-l1-1-0.dll
0x0000028644380000 - 0x0000028644383000 	C:\javafx-sdk-21\bin\api-ms-win-core-libraryloader-l1-1-0.dll
0x0000028644390000 - 0x0000028644393000 	C:\javafx-sdk-21\bin\api-ms-win-core-localization-l1-2-0.dll
0x00000286443a0000 - 0x00000286443a3000 	C:\javafx-sdk-21\bin\api-ms-win-core-memory-l1-1-0.dll
0x00000286443b0000 - 0x00000286443b3000 	C:\javafx-sdk-21\bin\api-ms-win-core-namedpipe-l1-1-0.dll
0x00000286443c0000 - 0x00000286443c3000 	C:\javafx-sdk-21\bin\api-ms-win-core-processenvironment-l1-1-0.dll
0x00000286443d0000 - 0x00000286443d3000 	C:\javafx-sdk-21\bin\api-ms-win-core-processthreads-l1-1-0.dll
0x00000286443e0000 - 0x00000286443e3000 	C:\javafx-sdk-21\bin\api-ms-win-core-processthreads-l1-1-1.dll
0x00000286443f0000 - 0x00000286443f3000 	C:\javafx-sdk-21\bin\api-ms-win-core-profile-l1-1-0.dll
0x000002868afd0000 - 0x000002868afd3000 	C:\javafx-sdk-21\bin\api-ms-win-core-rtlsupport-l1-1-0.dll
0x000002868afe0000 - 0x000002868afe3000 	C:\javafx-sdk-21\bin\api-ms-win-core-string-l1-1-0.dll
0x000002868aff0000 - 0x000002868aff3000 	C:\javafx-sdk-21\bin\api-ms-win-core-synch-l1-1-0.dll
0x000002868b150000 - 0x000002868b153000 	C:\javafx-sdk-21\bin\api-ms-win-core-synch-l1-2-0.dll
0x000002868b160000 - 0x000002868b163000 	C:\javafx-sdk-21\bin\api-ms-win-core-sysinfo-l1-1-0.dll
0x000002868b000000 - 0x000002868b003000 	C:\javafx-sdk-21\bin\api-ms-win-core-timezone-l1-1-0.dll
0x000002868b010000 - 0x000002868b013000 	C:\javafx-sdk-21\bin\api-ms-win-core-util-l1-1-0.dll
0x000002868b020000 - 0x000002868b023000 	C:\javafx-sdk-21\bin\api-ms-win-crt-conio-l1-1-0.dll
0x000002868b030000 - 0x000002868b034000 	C:\javafx-sdk-21\bin\api-ms-win-crt-convert-l1-1-0.dll
0x000002868b040000 - 0x000002868b043000 	C:\javafx-sdk-21\bin\api-ms-win-crt-environment-l1-1-0.dll
0x000002868b050000 - 0x000002868b053000 	C:\javafx-sdk-21\bin\api-ms-win-crt-filesystem-l1-1-0.dll
0x000002868b060000 - 0x000002868b063000 	C:\javafx-sdk-21\bin\api-ms-win-crt-heap-l1-1-0.dll
0x000002868b070000 - 0x000002868b073000 	C:\javafx-sdk-21\bin\api-ms-win-crt-locale-l1-1-0.dll
0x000002868b080000 - 0x000002868b085000 	C:\javafx-sdk-21\bin\api-ms-win-crt-math-l1-1-0.dll
0x000002868b090000 - 0x000002868b095000 	C:\javafx-sdk-21\bin\api-ms-win-crt-multibyte-l1-1-0.dll
0x000002868b0a0000 - 0x000002868b0b0000 	C:\javafx-sdk-21\bin\api-ms-win-crt-private-l1-1-0.dll
0x000002868b0b0000 - 0x000002868b0b3000 	C:\javafx-sdk-21\bin\api-ms-win-crt-process-l1-1-0.dll
0x000002868b0c0000 - 0x000002868b0c4000 	C:\javafx-sdk-21\bin\api-ms-win-crt-runtime-l1-1-0.dll
0x000002868b0d0000 - 0x000002868b0d4000 	C:\javafx-sdk-21\bin\api-ms-win-crt-stdio-l1-1-0.dll
0x000002868b0e0000 - 0x000002868b0e4000 	C:\javafx-sdk-21\bin\api-ms-win-crt-string-l1-1-0.dll
0x000002868b0f0000 - 0x000002868b0f3000 	C:\javafx-sdk-21\bin\api-ms-win-crt-time-l1-1-0.dll
0x000002868b100000 - 0x000002868b103000 	C:\javafx-sdk-21\bin\api-ms-win-crt-utility-l1-1-0.dll
0x00007ffa24dd0000 - 0x00007ffa24ecc000 	C:\javafx-sdk-21\bin\ucrtbase.dll
0x00007ffa26d40000 - 0x00007ffa26d5b000 	C:\javafx-sdk-21\bin\vcruntime140.dll
0x00007ffa292a0000 - 0x00007ffa292ac000 	C:\javafx-sdk-21\bin\vcruntime140_1.dll
0x00007ffa23fa0000 - 0x00007ffa2402e000 	C:\javafx-sdk-21\bin\msvcp140.dll
0x00007ffa44340000 - 0x00007ffa444de000 	C:\Windows\System32\ole32.dll
0x00007ffa26e10000 - 0x00007ffa26e19000 	C:\javafx-sdk-21\bin\msvcp140_1.dll
0x00007ffa26760000 - 0x00007ffa2678f000 	C:\javafx-sdk-21\bin\msvcp140_2.dll
0x00007ffa26260000 - 0x00007ffa2628f000 	C:\javafx-sdk-21\bin\prism_d3d.dll
0x00007ffa2b9f0000 - 0x00007ffa2bb99000 	C:\Windows\system32\d3d9.dll
0x00007ffa3ed60000 - 0x00007ffa3ed8b000 	C:\Windows\SYSTEM32\dwmapi.dll
0x00007ffa3f290000 - 0x00007ffa3f2c8000 	C:\Windows\SYSTEM32\dxcore.dll
0x00007ffa3b320000 - 0x00007ffa3b3cb000 	C:\Windows\system32\uxtheme.dll
0x00007ff9b2b90000 - 0x00007ff9b2cf5000 	C:\Windows\System32\DriverStore\FileRepository\iigd_dch.inf_amd64_3a2f90c1eb2e1524\igdumdim64.dll
0x00007ff9aef30000 - 0x00007ff9b2b86000 	C:\Windows\System32\DriverStore\FileRepository\iigd_dch.inf_amd64_3a2f90c1eb2e1524\igd9dxva64.dll
0x00007ffa43ec0000 - 0x00007ffa44334000 	C:\Windows\System32\SETUPAPI.dll
0x00007ffa419e0000 - 0x00007ffa41a2e000 	C:\Windows\SYSTEM32\cfgmgr32.dll
0x00007ffa32740000 - 0x00007ffa32b01000 	C:\Windows\System32\DriverStore\FileRepository\iigd_dch.inf_amd64_3a2f90c1eb2e1524\igdgmm64.dll
0x00007ffa37080000 - 0x00007ffa370ca000 	C:\Windows\SYSTEM32\directxdatabasehelper.dll
0x00007ffa249a0000 - 0x00007ffa249e2000 	C:\javafx-sdk-21\bin\glass.dll
0x00007ffa43d30000 - 0x00007ffa43e29000 	C:\Windows\System32\COMDLG32.dll
0x00007ffa44690000 - 0x00007ffa447d9000 	C:\Windows\System32\MSCTF.dll
0x00007ff9d14a0000 - 0x00007ff9d14c7000 	C:\Windows\System32\DriverStore\FileRepository\iigd_dch.inf_amd64_3a2f90c1eb2e1524\igdinfo64.dll
0x00007ffa2c210000 - 0x00007ffa2f416000 	C:\Windows\System32\DriverStore\FileRepository\iigd_dch.inf_amd64_3a2f90c1eb2e1524\igc64.dll
0x00007ffa26240000 - 0x00007ffa26254000 	C:\javafx-sdk-21\bin\javafx_font.dll
0x00007ffa3a4a0000 - 0x00007ffa3a707000 	C:\Windows\SYSTEM32\dwrite.dll
0x00007ffa42780000 - 0x00007ffa42830000 	C:\Windows\System32\clbcatq.dll
0x00007ffa39ac0000 - 0x00007ffa39c70000 	C:\Windows\SYSTEM32\WindowsCodecs.dll
0x00007ffa050b0000 - 0x00007ffa0510e000 	C:\Windows\system32\dataexchange.dll
0x00007ffa34b60000 - 0x00007ffa34de2000 	C:\Windows\system32\twinapi.appcore.dll
0x00007ffa25820000 - 0x00007ffa25852000 	C:\Program Files\Common Files\Microsoft Shared\Ink\rtscom.dll
0x00007ffa25910000 - 0x00007ffa2593d000 	C:\javafx-sdk-21\bin\javafx_iio.dll
0x00007ffa30ec0000 - 0x00007ffa31004000 	C:\Windows\SYSTEM32\textinputframework.dll
0x00007ffa3ae80000 - 0x00007ffa3afb3000 	C:\Windows\SYSTEM32\CoreMessaging.dll
0x00007ffa364e0000 - 0x00007ffa3684c000 	C:\Windows\SYSTEM32\CoreUIComponents.dll
0x00007ffa41510000 - 0x00007ffa4151c000 	C:\Windows\SYSTEM32\CRYPTBASE.DLL
0x00007ffa09370000 - 0x00007ffa093db000 	C:\Windows\system32\Ninput.dll

dbghelp: loaded successfully - version: 4.0.5 - missing functions: none
symbol engine: initialized successfully - sym options: 0x614 - pdb path: .;C:\Users\Swift\.jdks\openjdk-20.0.2\bin;C:\Windows\SYSTEM32;C:\Windows\WinSxS\amd64_microsoft.windows.common-controls_6595b64144ccf1df_6.0.22621.2215_none_270d72677387dfc3;C:\Users\Swift\.jdks\openjdk-20.0.2\bin\server;C:\Program Files\JetBrains\IntelliJ IDEA Community Edition 2023.2.3\bin;C:\javafx-sdk-21\bin;C:\Windows\System32\DriverStore\FileRepository\iigd_dch.inf_amd64_3a2f90c1eb2e1524;C:\Program Files\Common Files\Microsoft Shared\Ink

VM Arguments:
jvm_args: --module-path=C:\javafx-sdk-21\lib --add-modules=javafx.controls,javafx.fxml -javaagent:C:\Program Files\JetBrains\IntelliJ IDEA Community Edition 2023.2.3\lib\idea_rt.jar=63085:C:\Program Files\JetBrains\IntelliJ IDEA Community Edition 2023.2.3\bin -Dfile.encoding=UTF-8 -Dsun.stdout.encoding=UTF-8 -Dsun.stderr.encoding=UTF-8 
java_command: tetris.Main
java_class_path (initial): C:\tetris-main\tetris-main\target\classes;C:\Users\Swift\.m2\repository\org\openjfx\javafx-controls\11.0.2\javafx-controls-11.0.2.jar;C:\Users\Swift\.m2\repository\org\openjfx\javafx-controls\11.0.2\javafx-controls-11.0.2-win.jar;C:\Users\Swift\.m2\repository\org\openjfx\javafx-graphics\11.0.2\javafx-graphics-11.0.2.jar;C:\Users\Swift\.m2\repository\org\openjfx\javafx-graphics\11.0.2\javafx-graphics-11.0.2-win.jar;C:\Users\Swift\.m2\repository\org\openjfx\javafx-base\11.0.2\javafx-base-11.0.2.jar;C:\Users\Swift\.m2\repository\org\openjfx\javafx-base\11.0.2\javafx-base-11.0.2-win.jar;C:\Users\Swift\.m2\repository\org\openjfx\javafx-media\11.0.2\javafx-media-11.0.2.jar;C:\Users\Swift\.m2\repository\org\openjfx\javafx-media\11.0.2\javafx-media-11.0.2-win.jar;C:\Users\Swift\.m2\repository\org\eclipse\jetty\jetty-webapp\9.4.46.v20220331\jetty-webapp-9.4.46.v20220331.jar;C:\Users\Swift\.m2\repository\org\eclipse\jetty\jetty-xml\9.4.46.v20220331\jetty-xml-9.4.46.v20220331.jar;C:\Users\Swift\.m2\repository\org\eclipse\jetty\jetty-util\9.4.46.v20220331\jetty-util-9.4.46.v20220331.jar;C:\Users\Swift\.m2\repository\org\eclipse\jetty\jetty-servlet\9.4.46.v20220331\jetty-servlet-9.4.46.v20220331.jar;C:\Users\Swift\.m2\repository\org\eclipse\jetty\jetty-security\9.4.46.v20220331\jetty-security-9.4.46.v20220331.jar;C:\Users\Swift\.m2\repository\org\eclipse\jetty\jetty-server\9.4.46.v20220331\jetty-server-9.4.46.v20220331.jar;C:\Users\Swift\.m2\repository\javax\servlet\javax.servlet-api\3.1.0\javax.servlet-api-3.1.0.jar;C:\Users\Swift\.m2\repository\org\eclipse\jetty\jetty-http\9.4.46.v20220331\jetty-http-9.4.46.v20220331.jar;C:\Users\Swift\.m2\repository\org\eclipse\jetty\jetty-io\9.4.46.v20220331\jetty-io-9.4.46.v20220331.jar;C:\Users\Swift\.m2\repository\org\eclipse\jetty\jetty-util-ajax\9.4.46.v20220331\jetty-util-ajax-9.4.46.v20220331.jar
Launcher Type: SUN_STANDARD

[Global flags]
     intx CICompilerCount                          = 4                                         {product} {ergonomic}
     uint ConcGCThreads                            = 2                                         {product} {ergonomic}
     uint G1ConcRefinementThreads                  = 8                                         {product} {ergonomic}
   size_t G1HeapRegionSize                         = 2097152                                   {product} {ergonomic}
    uintx GCDrainStackTargetSize                   = 64                                        {product} {ergonomic}
   size_t InitialHeapSize                          = 266338304                                 {product} {ergonomic}
   size_t MarkStackSize                            = 4194304                                   {product} {ergonomic}
   size_t MaxHeapSize                              = 4238344192                                {product} {ergonomic}
   size_t MaxNewSize                               = 2541748224                                {product} {ergonomic}
   size_t MinHeapDeltaBytes                        = 2097152                                   {product} {ergonomic}
   size_t MinHeapSize                              = 8388608                                   {product} {ergonomic}
    uintx NonNMethodCodeHeapSize                   = 5839372                                {pd product} {ergonomic}
    uintx NonProfiledCodeHeapSize                  = 122909434                              {pd product} {ergonomic}
    uintx ProfiledCodeHeapSize                     = 122909434                              {pd product} {ergonomic}
    uintx ReservedCodeCacheSize                    = 251658240                              {pd product} {ergonomic}
     bool SegmentedCodeCache                       = true                                      {product} {ergonomic}
   size_t SoftMaxHeapSize                          = 4238344192                             {manageable} {ergonomic}
     bool UseCompressedClassPointers               = true                           {product lp64_product} {ergonomic}
     bool UseCompressedOops                        = true                           {product lp64_product} {ergonomic}
     bool UseG1GC                                  = true                                      {product} {ergonomic}
     bool UseLargePagesIndividualAllocation        = false                                  {pd product} {ergonomic}

Logging:
Log output configuration:
 #0: stdout all=off uptime,level,tags foldmultilines=false
 #1: stderr all=off uptime,level,tags foldmultilines=false

Environment Variables:
PATH=C:\Program Files (x86)\Common Files\Oracle\Java\javapath;C:\Windows\system32;C:\Windows;C:\Windows\System32\Wbem;C:\Windows\System32\WindowsPowerShell\v1.0\;C:\Windows\System32\OpenSSH\;C:\Program Files (x86)\NVIDIA Corporation\PhysX\Common;C:\Program Files\NVIDIA Corporation\NVIDIA NvDLISR;C:\Program Files\7-Zip;C:\Program Files\Microsoft SQL Server\130\Tools\Binn\;C:\Program Files\MATLAB\MATLAB Runtime\R2023a\runtime\win64;C:\Program Files\Polyspace\R2021a\runtime\win64;C:\Program Files\Polyspace\R2021a\bin;C:\Users\Swift\AppData\Local\Microsoft\WindowsApps;
USERNAME=Swift
OS=Windows_NT
PROCESSOR_IDENTIFIER=Intel64 Family 6 Model 140 Stepping 2, GenuineIntel
TMP=C:\Users\Swift\AppData\Local\Temp
TEMP=C:\Users\Swift\AppData\Local\Temp




---------------  S Y S T E M  ---------------

OS:
 Windows 11 , 64 bit Build 22621 (10.0.22621.2215)
OS uptime: 9 days 23:27 hours
Hyper-V role detected

CPU: total 8 (initial active 8) (4 cores per cpu, 2 threads per core) family 6 model 140 stepping 2 microcode 0x16, cx8, cmov, fxsr, ht, mmx, 3dnowpref, sse, sse2, sse3, ssse3, sse4.1, sse4.2, popcnt, lzcnt, tsc, tscinvbit, avx, avx2, aes, erms, clmul, bmi1, bmi2, adx, avx512f, avx512dq, avx512cd, avx512bw, avx512vl, sha, fma, vzeroupper, avx512_vpopcntdq, avx512_vpclmulqdq, avx512_vaes, avx512_vnni, clflush, clflushopt, clwb, avx512_vbmi2, avx512_vbmi, hv, rdtscp, rdpid, fsrm, gfni, avx512_bitalg, f16c, cet_ibt, cet_ss, avx512_ifma

Memory: 4k page, system-wide physical 16163M (5730M free)
TotalPageFile size 24867M (AvailPageFile size 8808M)
current process WorkingSet (physical memory assigned to process): 235M, peak: 249M
current process commit charge ("private bytes"): 454M, peak: 476M

vm_info: OpenJDK 64-Bit Server VM (20.0.2+9-78) for windows-amd64 JRE (20.0.2+9-78), built on 2023-06-14T10:08:48Z by "mach5one" with MS VC++ 17.1 (VS2022)

END.
