#
# A fatal error has been detected by the Java Runtime Environment:
#
#  EXCEPTION_ACCESS_VIOLATION (0xc0000005) at pc=0x00007ffa24ea6587, pid=11468, tid=20152
#
# JRE version: OpenJDK Runtime Environment (20.0.2+9) (build 20.0.2+9-78)
# Java VM: OpenJDK 64-Bit Server VM (20.0.2+9-78, mixed mode, sharing, tiered, compressed oops, compressed class ptrs, g1 gc, windows-amd64)
# Problematic frame:
# C  [glass.dll+0x26587]
#
# No core dump will be written. Minidumps are not enabled by default on client versions of Windows
#
# If you would like to submit a bug report, please visit:
#   https://bugreport.java.com/bugreport/crash.jsp
#

---------------  S U M M A R Y ------------

Command Line: --module-path=C:\javafx-sdk-21\lib --add-modules=javafx.controls,javafx.fxml -javaagent:C:\Program Files\JetBrains\IntelliJ IDEA Community Edition 2023.2.3\lib\idea_rt.jar=63052:C:\Program Files\JetBrains\IntelliJ IDEA Community Edition 2023.2.3\bin -Dfile.encoding=UTF-8 -Dsun.stdout.encoding=UTF-8 -Dsun.stderr.encoding=UTF-8 tetris.Main

Host: 11th Gen Intel(R) Core(TM) i5-11320H @ 3.20GHz, 8 cores, 15G,  Windows 11 , 64 bit Build 22621 (10.0.22621.2215)
Time: Mon Oct 16 18:05:58 2023  Windows 11 , 64 bit Build 22621 (10.0.22621.2215) elapsed time: 75.149628 seconds (0d 0h 1m 15s)

---------------  T H R E A D  ---------------

Current thread (0x0000019f8271e710):  VMThread "VM Thread" [stack: 0x0000004b05f00000,0x0000004b06000000] [id=20152]

Stack: [0x0000004b05f00000,0x0000004b06000000],  sp=0x0000004b05ffeeb0,  free space=1019k
Native frames: (J=compiled Java code, j=interpreted, Vv=VM code, C=native code)
C  [glass.dll+0x26587]


siginfo: EXCEPTION_ACCESS_VIOLATION (0xc0000005), reading address 0x0000000000000000


Registers:
RAX=0x0000000000000000, RBX=0x0000019f827287f0, RCX=0x0000019f8271e710, RDX=0x0000004b05ffeeb0
RSP=0x0000004b05ffeeb0, RBP=0x0000019fc8cc5708, RSI=0x0000004b05ffefb8, RDI=0x0000019fc8cc56e0
R8 =0x0000000000010002, R9 =0x0000019fc8cc56e0, R10=0x85f13e9656da4870, R11=0x0000004b05ffee40
R12=0x00007ffa24ea3ed0, R13=0x00007ff9ebe5fb10, R14=0x0000fffc9e1e4716, R15=0x0000019fc8cc56e0
RIP=0x00007ffa24ea6587, EFLAGS=0x0000000000010202


Register to memory mapping:

RIP=0x00007ffa24ea6587 glass.dll
RAX=0x0 is NULL
RBX=0x0000019f827287f0 is a global jni handle
RCX=0x0000019f8271e710 points into unknown readable memory: 0x00007ff9ebc88340 | 40 83 c8 eb f9 7f 00 00
RDX=0x0000004b05ffeeb0 points into unknown readable memory: 0x0000000000000000 | 00 00 00 00 00 00 00 00
RSP=0x0000004b05ffeeb0 points into unknown readable memory: 0x0000000000000000 | 00 00 00 00 00 00 00 00
RBP=0x0000019fc8cc5708 points into unknown readable memory: 0x0000fffc9e1e4716 | 16 47 1e 9e fc ff 00 00
RSI=0x0000004b05ffefb8 points into unknown readable memory: 0x0000004b05ffefa0 | a0 ef ff 05 4b 00 00 00
RDI=0x0000019fc8cc56e0 points into unknown readable memory: 0xfe89c572e41e4709 | 09 47 1e e4 72 c5 89 fe
R8 =0x0000000000010002 is an unknown value
R9 =0x0000019fc8cc56e0 points into unknown readable memory: 0xfe89c572e41e4709 | 09 47 1e e4 72 c5 89 fe
R10=0x85f13e9656da4870 is an unknown value
R11=0x0000004b05ffee40 points into unknown readable memory: 0x0000019fc8cc56e0 | e0 56 cc c8 9f 01 00 00
R12=0x00007ffa24ea3ed0 glass.dll
R13=0x00007ff9ebe5fb10 jvm.dll
R14=0x0000fffc9e1e4716 is an unknown value
R15=0x0000019fc8cc56e0 points into unknown readable memory: 0xfe89c572e41e4709 | 09 47 1e e4 72 c5 89 fe


Top of Stack: (sp=0x0000004b05ffeeb0)
0x0000004b05ffeeb0:   0000000000000000 0000004b05ffefb8
0x0000004b05ffeec0:   00007ff9ebe5fb10 00007ffa24ea3ed0
0x0000004b05ffeed0:   0000019fc8cc56e8 00007ffa42223a83
0x0000004b05ffeee0:   0000019fc8cc56e0 0000019f00000000
0x0000004b05ffeef0:   0000019fc8cc5708 0000004b05ffefb8
0x0000004b05ffef00:   fffffffffffffffe 0000000000000000
0x0000004b05ffef10:   0000000000000001 00007ffa24e80000
0x0000004b05ffef20:   0000004b05ffefa8 00007ffa421f006e
0x0000004b05ffef30:   0000000000000000 0000004b05ffefb8
0x0000004b05ffef40:   0000004b05fff2a0 0000000000000001
0x0000004b05ffef50:   0000000000000001 00007ffa421eda1d
0x0000004b05ffef60:   0000000000000000 00007ffa24ea36c9
0x0000004b05ffef70:   0000000000000000 0000004b05ffefa8
0x0000004b05ffef80:   fffffffffffffffe 0000004b05fff200
0x0000004b05ffef90:   0000000000000000 00007ffa24ea3d5d
0x0000004b05ffefa0:   00007ffa24eba008 00007ff900000002
0x0000004b05ffefb0:   0000000000000002 0000004b05ffefa0
0x0000004b05ffefc0:   0000000000000000 00007ffa449585f3
0x0000004b05ffefd0:   0000000000000000 00007ffa24ea3e82
0x0000004b05ffefe0:   0000000000000001 0000000000000001
0x0000004b05ffeff0:   0000000000000000 0000000000000001
0x0000004b05fff000:   0000000000000001 00007ffa41512223
0x0000004b05fff010:   00007ffa00000001 0000000000000000
0x0000004b05fff020:   00007ffa24e80000 000000007ffe0384
0x0000004b05fff030:   0000000000000000 00007ffa4495868f
0x0000004b05fff040:   00007ffa24e80000 0000000000000000
0x0000004b05fff050:   0000000000000001 000000007ffe0385
0x0000004b05fff060:   00007ffa44a66a20 00007ffa2d41e260
0x0000004b05fff070:   0000e2b2f103e200 00007ffa2c210000
0x0000004b05fff080:   00007ffa24ea3ed0 0000000000000000
0x0000004b05fff090:   0000000000000000 0000004b054c3000
0x0000004b05fff0a0:   0000019fc90344d0 00007ffa44981096 

Instructions: (pc=0x00007ffa24ea6587)
0x00007ffa24ea6487:   8b 4d 58 e8 8d cf ff ff 48 8b 4d 60 e8 84 cf ff
0x00007ffa24ea6497:   ff 48 8b 95 80 00 00 00 48 8b 8d 18 01 00 00 e8
0x00007ffa24ea64a7:   76 c4 ff ff 33 d2 33 c9 e8 cc e1 ff ff 90 48 89
0x00007ffa24ea64b7:   54 24 10 55 48 83 ec 20 48 8b ea 48 b8 00 00 00
0x00007ffa24ea64c7:   00 00 00 00 00 48 83 c4 20 5d c3 cc 40 55 48 8b
0x00007ffa24ea64d7:   ea 48 8b 01 33 c9 81 38 05 00 00 c0 0f 94 c1 8b
0x00007ffa24ea64e7:   c1 5d c3 cc 40 55 48 83 ec 20 48 8b ea 8a 4d 40
0x00007ffa24ea64f7:   48 83 c4 20 5d e9 73 d3 ff ff cc 40 55 48 83 ec
0x00007ffa24ea6507:   20 48 8b ea 8a 4d 20 e8 61 d3 ff ff 90 48 83 c4
0x00007ffa24ea6517:   20 5d c3 cc 40 55 48 83 ec 20 48 8b ea 48 83 c4
0x00007ffa24ea6527:   20 5d e9 c2 d1 ff ff cc 40 55 48 83 ec 30 48 8b
0x00007ffa24ea6537:   ea 48 8b 01 8b 10 48 89 4c 24 28 89 54 24 20 4c
0x00007ffa24ea6547:   8d 0d 63 d6 ff ff 4c 8b 45 70 8b 55 68 48 8b 4d
0x00007ffa24ea6557:   60 e8 03 d1 ff ff 90 48 83 c4 30 5d c3 cc cc cc
0x00007ffa24ea6567:   cc cc cc cc cc cc cc cc cc 40 53 48 83 ec 20 48
0x00007ffa24ea6577:   8b 1d 8b 34 01 00 48 85 db 74 16 e8 89 8f ff ff
0x00007ffa24ea6587:   4c 8b 00 48 8b d3 48 8b c8 41 ff 90 b0 00 00 00
0x00007ffa24ea6597:   90 48 83 c4 20 5b c3 cc cc 40 53 48 83 ec 20 48
0x00007ffa24ea65a7:   8b 1d fb 35 01 00 48 85 db 74 57 b8 ff ff ff ff
0x00007ffa24ea65b7:   f0 0f c1 43 10 83 f8 01 75 3d 48 85 db 74 38 48
0x00007ffa24ea65c7:   8b 0b 48 85 c9 74 0d ff 15 d4 0c 00 00 48 c7 03
0x00007ffa24ea65d7:   00 00 00 00 48 8b 4b 08 48 85 c9 74 0d e8 33 ce
0x00007ffa24ea65e7:   ff ff 48 c7 43 08 00 00 00 00 ba 18 00 00 00 48
0x00007ffa24ea65f7:   8b cb e8 1e ce ff ff 48 c7 05 9f 35 01 00 00 00
0x00007ffa24ea6607:   00 00 48 83 c4 20 5b c3 cc 40 53 48 83 ec 20 48
0x00007ffa24ea6617:   8b 1d 6b 35 01 00 48 85 db 74 57 b8 ff ff ff ff
0x00007ffa24ea6627:   f0 0f c1 43 10 83 f8 01 75 3d 48 85 db 74 38 48
0x00007ffa24ea6637:   8b 0b 48 85 c9 74 0d ff 15 64 0c 00 00 48 c7 03
0x00007ffa24ea6647:   00 00 00 00 48 8b 4b 08 48 85 c9 74 0d e8 c3 cd
0x00007ffa24ea6657:   ff ff 48 c7 43 08 00 00 00 00 ba 18 00 00 00 48
0x00007ffa24ea6667:   8b cb e8 ae cd ff ff 48 c7 05 0f 35 01 00 00 00
0x00007ffa24ea6677:   00 00 48 83 c4 20 5b c3 cc 40 53 48 83 ec 20 48 


Stack slot to memory mapping:
stack at sp + 0 slots: 0x0 is NULL
stack at sp + 1 slots: 0x0000004b05ffefb8 points into unknown readable memory: 0x0000004b05ffefa0 | a0 ef ff 05 4b 00 00 00
stack at sp + 2 slots: 0x00007ff9ebe5fb10 jvm.dll
stack at sp + 3 slots: 0x00007ffa24ea3ed0 glass.dll
stack at sp + 4 slots: 0x0000019fc8cc56e8 points into unknown readable memory: 0x0000fffc9e1e4716 | 16 47 1e 9e fc ff 00 00
stack at sp + 5 slots: 0x00007ffa42223a83 ucrtbase.dll
stack at sp + 6 slots: 0x0000019fc8cc56e0 points into unknown readable memory: 0xfe89c572e41e4709 | 09 47 1e e4 72 c5 89 fe
stack at sp + 7 slots: 0x0000019f00000000 is an unknown value

VM_Operation (0x0000004b056ff3d0): Exit, mode: safepoint, requested by thread 0x0000019fc9336160


---------------  P R O C E S S  ---------------

Threads class SMR info:
_java_thread_list=0x0000019fc812a070, length=20, elements={
0x0000019fe323b6b0, 0x0000019f8273aff0, 0x0000019f8273bdf0, 0x0000019f8273fd00,
0x0000019f82743bf0, 0x0000019f82744fc0, 0x0000019f827463c0, 0x0000019fc7c09100,
0x0000019fc7c29cf0, 0x0000019fc7cf89f0, 0x0000019fc8bcbf70, 0x0000019fc88a9fa0,
0x0000019fc89bc630, 0x0000019fc922a7f0, 0x0000019fc8f5dbf0, 0x0000019fc935e000,
0x0000019fc934e360, 0x0000019fc9337150, 0x0000019fc93356c0, 0x0000019fc9336160
}

Java Threads: ( => current thread )
  0x0000019fe323b6b0 JavaThread "main" [_thread_blocked, id=13828, stack(0x0000004b05900000,0x0000004b05a00000)]
  0x0000019f8273aff0 JavaThread "Reference Handler" daemon [_thread_blocked, id=12976, stack(0x0000004b06000000,0x0000004b06100000)]
  0x0000019f8273bdf0 JavaThread "Finalizer" daemon [_thread_blocked, id=12700, stack(0x0000004b06100000,0x0000004b06200000)]
  0x0000019f8273fd00 JavaThread "Signal Dispatcher" daemon [_thread_blocked, id=3524, stack(0x0000004b06200000,0x0000004b06300000)]
  0x0000019f82743bf0 JavaThread "Attach Listener" daemon [_thread_blocked, id=22040, stack(0x0000004b06300000,0x0000004b06400000)]
  0x0000019f82744fc0 JavaThread "Service Thread" daemon [_thread_blocked, id=2648, stack(0x0000004b06400000,0x0000004b06500000)]
  0x0000019f827463c0 JavaThread "Monitor Deflation Thread" daemon [_thread_blocked, id=14504, stack(0x0000004b06500000,0x0000004b06600000)]
  0x0000019fc7c09100 JavaThread "C2 CompilerThread0" daemon [_thread_blocked, id=21872, stack(0x0000004b06600000,0x0000004b06700000)]
  0x0000019fc7c29cf0 JavaThread "C1 CompilerThread0" daemon [_thread_blocked, id=12864, stack(0x0000004b06700000,0x0000004b06800000)]
  0x0000019fc7cf89f0 JavaThread "Common-Cleaner" daemon [_thread_blocked, id=16216, stack(0x0000004b06800000,0x0000004b06900000)]
  0x0000019fc8bcbf70 JavaThread "Monitor Ctrl-Break" daemon [_thread_in_native, id=22704, stack(0x0000004b06b00000,0x0000004b06c00000)]
  0x0000019fc88a9fa0 JavaThread "Notification Thread" daemon [_thread_blocked, id=17324, stack(0x0000004b06c00000,0x0000004b06d00000)]
  0x0000019fc89bc630 JavaThread "QuantumRenderer-0" daemon [_thread_blocked, id=9160, stack(0x0000004b06e00000,0x0000004b06f00000)]
  0x0000019fc922a7f0 JavaThread "InvokeLaterDispatcher" daemon [_thread_blocked, id=6124, stack(0x0000004b06f00000,0x0000004b07000000)]
  0x0000019fc8f5dbf0 JavaThread "JavaFX Application Thread" [_thread_in_native, id=6208, stack(0x0000004b07000000,0x0000004b07100000)]
  0x0000019fc935e000 JavaThread "JavaFX-Launcher" [_thread_blocked, id=23252, stack(0x0000004b07500000,0x0000004b07600000)]
  0x0000019fc934e360 JavaThread "Thread-2" daemon [_thread_in_native, id=23152, stack(0x0000004b07400000,0x0000004b07500000)]
  0x0000019fc9337150 JavaThread "Prism Font Disposer" daemon [_thread_blocked, id=20944, stack(0x0000004b07b00000,0x0000004b07c00000)]
  0x0000019fc93356c0 JavaThread "Cleaner-0" daemon [_thread_blocked, id=17552, stack(0x0000004b07f00000,0x0000004b08000000)]
  0x0000019fc9336160 JavaThread "SIGINT handler" daemon [_thread_blocked, id=14468, stack(0x0000004b05600000,0x0000004b05700000)]

Other Threads:
=>0x0000019f8271e710 VMThread "VM Thread" [stack: 0x0000004b05f00000,0x0000004b06000000] [id=20152]
  0x0000019fe32ac720 WorkerThread "GC Thread#0" [stack: 0x0000004b05a00000,0x0000004b05b00000] [id=6780]
  0x0000019fc934e8b0 WorkerThread "GC Thread#1" [stack: 0x0000004b07600000,0x0000004b07700000] [id=21420]
  0x0000019fc85efd80 WorkerThread "GC Thread#2" [stack: 0x0000004b07700000,0x0000004b07800000] [id=3832]
  0x0000019fc85f0050 WorkerThread "GC Thread#3" [stack: 0x0000004b07800000,0x0000004b07900000] [id=7924]
  0x0000019fc8c388e0 WorkerThread "GC Thread#4" [stack: 0x0000004b07900000,0x0000004b07a00000] [id=8228]
  0x0000019fc8c39150 WorkerThread "GC Thread#5" [stack: 0x0000004b07a00000,0x0000004b07b00000] [id=13592]
  0x0000019fc8c399c0 WorkerThread "GC Thread#6" [stack: 0x0000004b06a00000,0x0000004b06b00000] [id=12992]
  0x0000019fc8c39c90 WorkerThread "GC Thread#7" [stack: 0x0000004b08000000,0x0000004b08100000] [id=9320]
  0x0000019fe32bd460 ConcurrentGCThread "G1 Main Marker" terminated
  0x0000019fe32bde90 WorkerThread "G1 Conc#0" [stack: 0x0000004b05c00000,0x0000004b05d00000] [id=8156]
  0x0000019fe32fe6d0 ConcurrentGCThread "G1 Refine#0" terminated
  0x0000019f825df020 ConcurrentGCThread "G1 Service" terminated

Threads with active compile tasks:

VM state: at safepoint (shutting down)

VM Mutex/Monitor currently owned by a thread:  ([mutex/lock_event])
[0x0000019fe3237420] Threads_lock - owner thread: 0x0000019f8271e710
[0x0000019fe3237810] Heap_lock - owner thread: 0x0000019fc9336160

Heap address: 0x0000000703600000, size: 4042 MB, Compressed Oops mode: Zero based, Oop shift amount: 3

CDS archive(s) mapped at: [0x0000019f82c00000-0x0000019f83860000-0x0000019f83860000), size 12976128, SharedBaseAddress: 0x0000019f82c00000, ArchiveRelocationMode: 1.
Compressed class space mapped at: 0x0000019f83c00000-0x0000019fc3c00000, reserved size: 1073741824
Narrow klass base: 0x0000019f82c00000, Narrow klass shift: 0, Narrow klass range: 0x100000000

GC Precious Log:
 CardTable entry size: 512
 Card Set container configuration: InlinePtr #cards 4 size 8 Array Of Cards #cards 16 size 48 Howl #buckets 8 coarsen threshold 3686 Howl Bitmap #cards 512 size 80 coarsen threshold 460 Card regions per heap region 1 cards per card region 4096
 CPUs: 8 total, 8 available
 Memory: 16163M
 Large Page Support: Disabled
 NUMA Support: Disabled
 Compressed Oops: Enabled (Zero based)
 Heap Region Size: 2M
 Heap Min Capacity: 8M
 Heap Initial Capacity: 254M
 Heap Max Capacity: 4042M
 Pre-touch: Disabled
 Parallel Workers: 8
 Concurrent Workers: 2
 Concurrent Refinement Workers: 8
 Periodic GC: Disabled

Heap:
 garbage-first heap   total 260096K, used 46822K [0x0000000703600000, 0x0000000800000000)
  region size 2048K, 20 young (40960K), 3 survivors (6144K)
 Metaspace       used 16716K, committed 16960K, reserved 1114112K
  class space    used 2372K, committed 2496K, reserved 1048576K

Heap Regions: E=young(eden), S=young(survivor), O=old, HS=humongous(starts), HC=humongous(continues), CS=collection set, F=free, OA=open archive, CA=closed archive, TAMS=top-at-mark-start, PB=parsable bottom
|   0|0x0000000703600000, 0x0000000703800000, 0x0000000703800000|100%|HS|  |TAMS 0x0000000703600000| PB 0x0000000703600000| Complete 
|   1|0x0000000703800000, 0x0000000703a00000, 0x0000000703a00000|100%|HC|  |TAMS 0x0000000703800000| PB 0x0000000703800000| Complete 
|   2|0x0000000703a00000, 0x0000000703c00000, 0x0000000703c00000|100%|HS|  |TAMS 0x0000000703a00000| PB 0x0000000703a00000| Complete 
|   3|0x0000000703c00000, 0x0000000703db9800, 0x0000000703e00000| 86%| O|  |TAMS 0x0000000703c00000| PB 0x0000000703c00000| Untracked 
|   4|0x0000000703e00000, 0x0000000703e00000, 0x0000000704000000|  0%| F|  |TAMS 0x0000000703e00000| PB 0x0000000703e00000| Untracked 
|   5|0x0000000704000000, 0x0000000704000000, 0x0000000704200000|  0%| F|  |TAMS 0x0000000704000000| PB 0x0000000704000000| Untracked 
|   6|0x0000000704200000, 0x0000000704200000, 0x0000000704400000|  0%| F|  |TAMS 0x0000000704200000| PB 0x0000000704200000| Untracked 
|   7|0x0000000704400000, 0x0000000704400000, 0x0000000704600000|  0%| F|  |TAMS 0x0000000704400000| PB 0x0000000704400000| Untracked 
|   8|0x0000000704600000, 0x0000000704600000, 0x0000000704800000|  0%| F|  |TAMS 0x0000000704600000| PB 0x0000000704600000| Untracked 
|   9|0x0000000704800000, 0x0000000704800000, 0x0000000704a00000|  0%| F|  |TAMS 0x0000000704800000| PB 0x0000000704800000| Untracked 
|  10|0x0000000704a00000, 0x0000000704a00000, 0x0000000704c00000|  0%| F|  |TAMS 0x0000000704a00000| PB 0x0000000704a00000| Untracked 
|  11|0x0000000704c00000, 0x0000000704c00000, 0x0000000704e00000|  0%| F|  |TAMS 0x0000000704c00000| PB 0x0000000704c00000| Untracked 
|  12|0x0000000704e00000, 0x0000000704e00000, 0x0000000705000000|  0%| F|  |TAMS 0x0000000704e00000| PB 0x0000000704e00000| Untracked 
|  13|0x0000000705000000, 0x0000000705000000, 0x0000000705200000|  0%| F|  |TAMS 0x0000000705000000| PB 0x0000000705000000| Untracked 
|  14|0x0000000705200000, 0x0000000705200000, 0x0000000705400000|  0%| F|  |TAMS 0x0000000705200000| PB 0x0000000705200000| Untracked 
|  15|0x0000000705400000, 0x0000000705400000, 0x0000000705600000|  0%| F|  |TAMS 0x0000000705400000| PB 0x0000000705400000| Untracked 
|  16|0x0000000705600000, 0x0000000705600000, 0x0000000705800000|  0%| F|  |TAMS 0x0000000705600000| PB 0x0000000705600000| Untracked 
|  17|0x0000000705800000, 0x0000000705800000, 0x0000000705a00000|  0%| F|  |TAMS 0x0000000705800000| PB 0x0000000705800000| Untracked 
|  18|0x0000000705a00000, 0x0000000705a00000, 0x0000000705c00000|  0%| F|  |TAMS 0x0000000705a00000| PB 0x0000000705a00000| Untracked 
|  19|0x0000000705c00000, 0x0000000705c00000, 0x0000000705e00000|  0%| F|  |TAMS 0x0000000705c00000| PB 0x0000000705c00000| Untracked 
|  20|0x0000000705e00000, 0x0000000705e00000, 0x0000000706000000|  0%| F|  |TAMS 0x0000000705e00000| PB 0x0000000705e00000| Untracked 
|  21|0x0000000706000000, 0x0000000706000000, 0x0000000706200000|  0%| F|  |TAMS 0x0000000706000000| PB 0x0000000706000000| Untracked 
|  22|0x0000000706200000, 0x0000000706200000, 0x0000000706400000|  0%| F|  |TAMS 0x0000000706200000| PB 0x0000000706200000| Untracked 
|  23|0x0000000706400000, 0x0000000706400000, 0x0000000706600000|  0%| F|  |TAMS 0x0000000706400000| PB 0x0000000706400000| Untracked 
|  24|0x0000000706600000, 0x0000000706600000, 0x0000000706800000|  0%| F|  |TAMS 0x0000000706600000| PB 0x0000000706600000| Untracked 
|  25|0x0000000706800000, 0x0000000706800000, 0x0000000706a00000|  0%| F|  |TAMS 0x0000000706800000| PB 0x0000000706800000| Untracked 
|  26|0x0000000706a00000, 0x0000000706a00000, 0x0000000706c00000|  0%| F|  |TAMS 0x0000000706a00000| PB 0x0000000706a00000| Untracked 
|  27|0x0000000706c00000, 0x0000000706c00000, 0x0000000706e00000|  0%| F|  |TAMS 0x0000000706c00000| PB 0x0000000706c00000| Untracked 
|  28|0x0000000706e00000, 0x0000000706e00000, 0x0000000707000000|  0%| F|  |TAMS 0x0000000706e00000| PB 0x0000000706e00000| Untracked 
|  29|0x0000000707000000, 0x0000000707000000, 0x0000000707200000|  0%| F|  |TAMS 0x0000000707000000| PB 0x0000000707000000| Untracked 
|  30|0x0000000707200000, 0x0000000707200000, 0x0000000707400000|  0%| F|  |TAMS 0x0000000707200000| PB 0x0000000707200000| Untracked 
|  31|0x0000000707400000, 0x0000000707400000, 0x0000000707600000|  0%| F|  |TAMS 0x0000000707400000| PB 0x0000000707400000| Untracked 
|  32|0x0000000707600000, 0x0000000707600000, 0x0000000707800000|  0%| F|  |TAMS 0x0000000707600000| PB 0x0000000707600000| Untracked 
|  33|0x0000000707800000, 0x0000000707800000, 0x0000000707a00000|  0%| F|  |TAMS 0x0000000707800000| PB 0x0000000707800000| Untracked 
|  34|0x0000000707a00000, 0x0000000707a00000, 0x0000000707c00000|  0%| F|  |TAMS 0x0000000707a00000| PB 0x0000000707a00000| Untracked 
|  35|0x0000000707c00000, 0x0000000707c00000, 0x0000000707e00000|  0%| F|  |TAMS 0x0000000707c00000| PB 0x0000000707c00000| Untracked 
|  36|0x0000000707e00000, 0x0000000707e00000, 0x0000000708000000|  0%| F|  |TAMS 0x0000000707e00000| PB 0x0000000707e00000| Untracked 
|  37|0x0000000708000000, 0x0000000708000000, 0x0000000708200000|  0%| F|  |TAMS 0x0000000708000000| PB 0x0000000708000000| Untracked 
|  38|0x0000000708200000, 0x0000000708200000, 0x0000000708400000|  0%| F|  |TAMS 0x0000000708200000| PB 0x0000000708200000| Untracked 
|  39|0x0000000708400000, 0x0000000708400000, 0x0000000708600000|  0%| F|  |TAMS 0x0000000708400000| PB 0x0000000708400000| Untracked 
|  40|0x0000000708600000, 0x0000000708600000, 0x0000000708800000|  0%| F|  |TAMS 0x0000000708600000| PB 0x0000000708600000| Untracked 
|  41|0x0000000708800000, 0x0000000708800000, 0x0000000708a00000|  0%| F|  |TAMS 0x0000000708800000| PB 0x0000000708800000| Untracked 
|  42|0x0000000708a00000, 0x0000000708a00000, 0x0000000708c00000|  0%| F|  |TAMS 0x0000000708a00000| PB 0x0000000708a00000| Untracked 
|  43|0x0000000708c00000, 0x0000000708c00000, 0x0000000708e00000|  0%| F|  |TAMS 0x0000000708c00000| PB 0x0000000708c00000| Untracked 
|  44|0x0000000708e00000, 0x0000000708e00000, 0x0000000709000000|  0%| F|  |TAMS 0x0000000708e00000| PB 0x0000000708e00000| Untracked 
|  45|0x0000000709000000, 0x0000000709000000, 0x0000000709200000|  0%| F|  |TAMS 0x0000000709000000| PB 0x0000000709000000| Untracked 
|  46|0x0000000709200000, 0x0000000709200000, 0x0000000709400000|  0%| F|  |TAMS 0x0000000709200000| PB 0x0000000709200000| Untracked 
|  47|0x0000000709400000, 0x0000000709400000, 0x0000000709600000|  0%| F|  |TAMS 0x0000000709400000| PB 0x0000000709400000| Untracked 
|  48|0x0000000709600000, 0x0000000709600000, 0x0000000709800000|  0%| F|  |TAMS 0x0000000709600000| PB 0x0000000709600000| Untracked 
|  49|0x0000000709800000, 0x0000000709800000, 0x0000000709a00000|  0%| F|  |TAMS 0x0000000709800000| PB 0x0000000709800000| Untracked 
|  50|0x0000000709a00000, 0x0000000709a00000, 0x0000000709c00000|  0%| F|  |TAMS 0x0000000709a00000| PB 0x0000000709a00000| Untracked 
|  51|0x0000000709c00000, 0x0000000709c00000, 0x0000000709e00000|  0%| F|  |TAMS 0x0000000709c00000| PB 0x0000000709c00000| Untracked 
|  52|0x0000000709e00000, 0x0000000709e00000, 0x000000070a000000|  0%| F|  |TAMS 0x0000000709e00000| PB 0x0000000709e00000| Untracked 
|  53|0x000000070a000000, 0x000000070a000000, 0x000000070a200000|  0%| F|  |TAMS 0x000000070a000000| PB 0x000000070a000000| Untracked 
|  54|0x000000070a200000, 0x000000070a200000, 0x000000070a400000|  0%| F|  |TAMS 0x000000070a200000| PB 0x000000070a200000| Untracked 
|  55|0x000000070a400000, 0x000000070a400000, 0x000000070a600000|  0%| F|  |TAMS 0x000000070a400000| PB 0x000000070a400000| Untracked 
|  56|0x000000070a600000, 0x000000070a600000, 0x000000070a800000|  0%| F|  |TAMS 0x000000070a600000| PB 0x000000070a600000| Untracked 
|  57|0x000000070a800000, 0x000000070a800000, 0x000000070aa00000|  0%| F|  |TAMS 0x000000070a800000| PB 0x000000070a800000| Untracked 
|  58|0x000000070aa00000, 0x000000070aa00000, 0x000000070ac00000|  0%| F|  |TAMS 0x000000070aa00000| PB 0x000000070aa00000| Untracked 
|  59|0x000000070ac00000, 0x000000070ac00000, 0x000000070ae00000|  0%| F|  |TAMS 0x000000070ac00000| PB 0x000000070ac00000| Untracked 
|  60|0x000000070ae00000, 0x000000070ae00000, 0x000000070b000000|  0%| F|  |TAMS 0x000000070ae00000| PB 0x000000070ae00000| Untracked 
|  61|0x000000070b000000, 0x000000070b000000, 0x000000070b200000|  0%| F|  |TAMS 0x000000070b000000| PB 0x000000070b000000| Untracked 
|  62|0x000000070b200000, 0x000000070b200000, 0x000000070b400000|  0%| F|  |TAMS 0x000000070b200000| PB 0x000000070b200000| Untracked 
|  63|0x000000070b400000, 0x000000070b400000, 0x000000070b600000|  0%| F|  |TAMS 0x000000070b400000| PB 0x000000070b400000| Untracked 
|  64|0x000000070b600000, 0x000000070b600000, 0x000000070b800000|  0%| F|  |TAMS 0x000000070b600000| PB 0x000000070b600000| Untracked 
|  65|0x000000070b800000, 0x000000070b800000, 0x000000070ba00000|  0%| F|  |TAMS 0x000000070b800000| PB 0x000000070b800000| Untracked 
|  66|0x000000070ba00000, 0x000000070ba00000, 0x000000070bc00000|  0%| F|  |TAMS 0x000000070ba00000| PB 0x000000070ba00000| Untracked 
|  67|0x000000070bc00000, 0x000000070bc00000, 0x000000070be00000|  0%| F|  |TAMS 0x000000070bc00000| PB 0x000000070bc00000| Untracked 
|  68|0x000000070be00000, 0x000000070be00000, 0x000000070c000000|  0%| F|  |TAMS 0x000000070be00000| PB 0x000000070be00000| Untracked 
|  69|0x000000070c000000, 0x000000070c000000, 0x000000070c200000|  0%| F|  |TAMS 0x000000070c000000| PB 0x000000070c000000| Untracked 
|  70|0x000000070c200000, 0x000000070c200000, 0x000000070c400000|  0%| F|  |TAMS 0x000000070c200000| PB 0x000000070c200000| Untracked 
|  71|0x000000070c400000, 0x000000070c400000, 0x000000070c600000|  0%| F|  |TAMS 0x000000070c400000| PB 0x000000070c400000| Untracked 
|  72|0x000000070c600000, 0x000000070c600000, 0x000000070c800000|  0%| F|  |TAMS 0x000000070c600000| PB 0x000000070c600000| Untracked 
|  73|0x000000070c800000, 0x000000070c800000, 0x000000070ca00000|  0%| F|  |TAMS 0x000000070c800000| PB 0x000000070c800000| Untracked 
|  74|0x000000070ca00000, 0x000000070ca00000, 0x000000070cc00000|  0%| F|  |TAMS 0x000000070ca00000| PB 0x000000070ca00000| Untracked 
|  75|0x000000070cc00000, 0x000000070cc00000, 0x000000070ce00000|  0%| F|  |TAMS 0x000000070cc00000| PB 0x000000070cc00000| Untracked 
|  76|0x000000070ce00000, 0x000000070ce00000, 0x000000070d000000|  0%| F|  |TAMS 0x000000070ce00000| PB 0x000000070ce00000| Untracked 
|  77|0x000000070d000000, 0x000000070d000000, 0x000000070d200000|  0%| F|  |TAMS 0x000000070d000000| PB 0x000000070d000000| Untracked 
|  78|0x000000070d200000, 0x000000070d200000, 0x000000070d400000|  0%| F|  |TAMS 0x000000070d200000| PB 0x000000070d200000| Untracked 
|  79|0x000000070d400000, 0x000000070d400000, 0x000000070d600000|  0%| F|  |TAMS 0x000000070d400000| PB 0x000000070d400000| Untracked 
|  80|0x000000070d600000, 0x000000070d600000, 0x000000070d800000|  0%| F|  |TAMS 0x000000070d600000| PB 0x000000070d600000| Untracked 
|  81|0x000000070d800000, 0x000000070d800000, 0x000000070da00000|  0%| F|  |TAMS 0x000000070d800000| PB 0x000000070d800000| Untracked 
|  82|0x000000070da00000, 0x000000070da00000, 0x000000070dc00000|  0%| F|  |TAMS 0x000000070da00000| PB 0x000000070da00000| Untracked 
|  83|0x000000070dc00000, 0x000000070dc00000, 0x000000070de00000|  0%| F|  |TAMS 0x000000070dc00000| PB 0x000000070dc00000| Untracked 
|  84|0x000000070de00000, 0x000000070de00000, 0x000000070e000000|  0%| F|  |TAMS 0x000000070de00000| PB 0x000000070de00000| Untracked 
|  85|0x000000070e000000, 0x000000070e000000, 0x000000070e200000|  0%| F|  |TAMS 0x000000070e000000| PB 0x000000070e000000| Untracked 
|  86|0x000000070e200000, 0x000000070e200000, 0x000000070e400000|  0%| F|  |TAMS 0x000000070e200000| PB 0x000000070e200000| Untracked 
|  87|0x000000070e400000, 0x000000070e400000, 0x000000070e600000|  0%| F|  |TAMS 0x000000070e400000| PB 0x000000070e400000| Untracked 
|  88|0x000000070e600000, 0x000000070e600000, 0x000000070e800000|  0%| F|  |TAMS 0x000000070e600000| PB 0x000000070e600000| Untracked 
|  89|0x000000070e800000, 0x000000070e800000, 0x000000070ea00000|  0%| F|  |TAMS 0x000000070e800000| PB 0x000000070e800000| Untracked 
|  90|0x000000070ea00000, 0x000000070ea00000, 0x000000070ec00000|  0%| F|  |TAMS 0x000000070ea00000| PB 0x000000070ea00000| Untracked 
|  91|0x000000070ec00000, 0x000000070ec00000, 0x000000070ee00000|  0%| F|  |TAMS 0x000000070ec00000| PB 0x000000070ec00000| Untracked 
|  92|0x000000070ee00000, 0x000000070ee00000, 0x000000070f000000|  0%| F|  |TAMS 0x000000070ee00000| PB 0x000000070ee00000| Untracked 
|  93|0x000000070f000000, 0x000000070f000000, 0x000000070f200000|  0%| F|  |TAMS 0x000000070f000000| PB 0x000000070f000000| Untracked 
|  94|0x000000070f200000, 0x000000070f200000, 0x000000070f400000|  0%| F|  |TAMS 0x000000070f200000| PB 0x000000070f200000| Untracked 
|  95|0x000000070f400000, 0x000000070f400000, 0x000000070f600000|  0%| F|  |TAMS 0x000000070f400000| PB 0x000000070f400000| Untracked 
|  96|0x000000070f600000, 0x000000070f600000, 0x000000070f800000|  0%| F|  |TAMS 0x000000070f600000| PB 0x000000070f600000| Untracked 
|  97|0x000000070f800000, 0x000000070f800000, 0x000000070fa00000|  0%| F|  |TAMS 0x000000070f800000| PB 0x000000070f800000| Untracked 
|  98|0x000000070fa00000, 0x000000070fa00000, 0x000000070fc00000|  0%| F|  |TAMS 0x000000070fa00000| PB 0x000000070fa00000| Untracked 
|  99|0x000000070fc00000, 0x000000070fc00000, 0x000000070fe00000|  0%| F|  |TAMS 0x000000070fc00000| PB 0x000000070fc00000| Untracked 
| 100|0x000000070fe00000, 0x000000070fe00000, 0x0000000710000000|  0%| F|  |TAMS 0x000000070fe00000| PB 0x000000070fe00000| Untracked 
| 101|0x0000000710000000, 0x0000000710000000, 0x0000000710200000|  0%| F|  |TAMS 0x0000000710000000| PB 0x0000000710000000| Untracked 
| 102|0x0000000710200000, 0x0000000710200000, 0x0000000710400000|  0%| F|  |TAMS 0x0000000710200000| PB 0x0000000710200000| Untracked 
| 103|0x0000000710400000, 0x0000000710400000, 0x0000000710600000|  0%| F|  |TAMS 0x0000000710400000| PB 0x0000000710400000| Untracked 
| 104|0x0000000710600000, 0x0000000710600000, 0x0000000710800000|  0%| F|  |TAMS 0x0000000710600000| PB 0x0000000710600000| Untracked 
| 105|0x0000000710800000, 0x0000000710a00000, 0x0000000710a00000|100%| S|CS|TAMS 0x0000000710800000| PB 0x0000000710800000| Complete 
| 106|0x0000000710a00000, 0x0000000710c00000, 0x0000000710c00000|100%| S|CS|TAMS 0x0000000710a00000| PB 0x0000000710a00000| Complete 
| 107|0x0000000710c00000, 0x0000000710e00000, 0x0000000710e00000|100%| S|CS|TAMS 0x0000000710c00000| PB 0x0000000710c00000| Complete 
| 108|0x0000000710e00000, 0x0000000710e00000, 0x0000000711000000|  0%| F|  |TAMS 0x0000000710e00000| PB 0x0000000710e00000| Untracked 
| 109|0x0000000711000000, 0x0000000711000000, 0x0000000711200000|  0%| F|  |TAMS 0x0000000711000000| PB 0x0000000711000000| Untracked 
| 110|0x0000000711200000, 0x00000007112bb660, 0x0000000711400000| 36%| E|  |TAMS 0x0000000711200000| PB 0x0000000711200000| Complete 
| 111|0x0000000711400000, 0x0000000711600000, 0x0000000711600000|100%| E|CS|TAMS 0x0000000711400000| PB 0x0000000711400000| Complete 
| 112|0x0000000711600000, 0x0000000711800000, 0x0000000711800000|100%| E|CS|TAMS 0x0000000711600000| PB 0x0000000711600000| Complete 
| 113|0x0000000711800000, 0x0000000711a00000, 0x0000000711a00000|100%| E|CS|TAMS 0x0000000711800000| PB 0x0000000711800000| Complete 
| 114|0x0000000711a00000, 0x0000000711c00000, 0x0000000711c00000|100%| E|CS|TAMS 0x0000000711a00000| PB 0x0000000711a00000| Complete 
| 115|0x0000000711c00000, 0x0000000711e00000, 0x0000000711e00000|100%| E|CS|TAMS 0x0000000711c00000| PB 0x0000000711c00000| Complete 
| 116|0x0000000711e00000, 0x0000000712000000, 0x0000000712000000|100%| E|CS|TAMS 0x0000000711e00000| PB 0x0000000711e00000| Complete 
| 117|0x0000000712000000, 0x0000000712200000, 0x0000000712200000|100%| E|CS|TAMS 0x0000000712000000| PB 0x0000000712000000| Complete 
| 118|0x0000000712200000, 0x0000000712400000, 0x0000000712400000|100%| E|CS|TAMS 0x0000000712200000| PB 0x0000000712200000| Complete 
| 119|0x0000000712400000, 0x0000000712600000, 0x0000000712600000|100%| E|CS|TAMS 0x0000000712400000| PB 0x0000000712400000| Complete 
| 120|0x0000000712600000, 0x0000000712800000, 0x0000000712800000|100%| E|CS|TAMS 0x0000000712600000| PB 0x0000000712600000| Complete 
| 121|0x0000000712800000, 0x0000000712a00000, 0x0000000712a00000|100%| E|CS|TAMS 0x0000000712800000| PB 0x0000000712800000| Complete 
| 122|0x0000000712a00000, 0x0000000712c00000, 0x0000000712c00000|100%| E|CS|TAMS 0x0000000712a00000| PB 0x0000000712a00000| Complete 
| 123|0x0000000712c00000, 0x0000000712e00000, 0x0000000712e00000|100%| E|CS|TAMS 0x0000000712c00000| PB 0x0000000712c00000| Complete 
| 124|0x0000000712e00000, 0x0000000713000000, 0x0000000713000000|100%| E|CS|TAMS 0x0000000712e00000| PB 0x0000000712e00000| Complete 
| 125|0x0000000713000000, 0x0000000713200000, 0x0000000713200000|100%| E|CS|TAMS 0x0000000713000000| PB 0x0000000713000000| Complete 
| 126|0x0000000713200000, 0x0000000713400000, 0x0000000713400000|100%| E|CS|TAMS 0x0000000713200000| PB 0x0000000713200000| Complete 

Card table byte_map: [0x0000019ffae20000,0x0000019ffb610000] _byte_map_base: 0x0000019ff7605000

Marking Bits: (CMBitMap*) 0x0000019fe32acd50
 Bits: [0x0000019ffbe00000, 0x0000019fffd28000)

Polling page: 0x0000019fe11d0000

Metaspace:

Usage:
  Non-class:     14.01 MB used.
      Class:      2.32 MB used.
       Both:     16.32 MB used.

Virtual space:
  Non-class space:       64.00 MB reserved,      14.12 MB ( 22%) committed,  1 nodes.
      Class space:        1.00 GB reserved,       2.44 MB ( <1%) committed,  1 nodes.
             Both:        1.06 GB reserved,      16.56 MB (  2%) committed. 

Chunk freelists:
   Non-Class:  1.28 MB
       Class:  1.38 MB
        Both:  2.66 MB

MaxMetaspaceSize: unlimited
CompressedClassSpaceSize: 1.00 GB
Initial GC threshold: 21.00 MB
Current GC threshold: 21.00 MB
CDS: on
MetaspaceReclaimPolicy: balanced
 - commit_granule_bytes: 65536.
 - commit_granule_words: 8192.
 - virtual_space_node_default_size: 8388608.
 - enlarge_chunks_in_place: 1.
 - new_chunks_are_fully_committed: 0.
 - uncommit_free_chunks: 1.
 - use_allocation_guard: 0.


Internal statistics:

num_allocs_failed_limit: 0.
num_arena_births: 248.
num_arena_deaths: 0.
num_vsnodes_births: 2.
num_vsnodes_deaths: 0.
num_space_committed: 265.
num_space_uncommitted: 0.
num_chunks_returned_to_freelist: 0.
num_chunks_taken_from_freelist: 815.
num_chunk_merges: 0.
num_chunk_splits: 573.
num_chunks_enlarged: 451.
num_inconsistent_stats: 0.

CodeHeap 'non-profiled nmethods': size=120000Kb used=2086Kb max_used=2086Kb free=117913Kb
 bounds [0x0000019ff2dd0000, 0x0000019ff3040000, 0x0000019ffa300000]
CodeHeap 'profiled nmethods': size=120000Kb used=9063Kb max_used=9063Kb free=110936Kb
 bounds [0x0000019feb300000, 0x0000019febbe0000, 0x0000019ff2830000]
CodeHeap 'non-nmethods': size=5760Kb used=2052Kb max_used=2129Kb free=3707Kb
 bounds [0x0000019ff2830000, 0x0000019ff2aa0000, 0x0000019ff2dd0000]
 total_blobs=5322 nmethods=4507 adapters=725
 compilation: enabled
              stopped_count=0, restarted_count=0
 full_count=0

Compilation events (20 events):
Event: 51.870 Thread 0x0000019fc7c29cf0 4501       3       com.sun.javafx.scene.ParentHelper::pickNodeLocalImpl (12 bytes)
Event: 51.870 Thread 0x0000019fc7c29cf0 nmethod 4501 0x0000019febbd4d10 code [0x0000019febbd4ec0, 0x0000019febbd51b8]
Event: 51.870 Thread 0x0000019fc7c29cf0 4502       3       javafx.scene.Parent$1::doPickNodeLocal (10 bytes)
Event: 51.870 Thread 0x0000019fc7c29cf0 nmethod 4502 0x0000019febbd5310 code [0x0000019febbd54a0, 0x0000019febbd56d8]
Event: 52.391 Thread 0x0000019fc7c29cf0 4503       3       javafx.scene.Scene$TargetWrapper::fillHierarchy (63 bytes)
Event: 52.392 Thread 0x0000019fc7c29cf0 nmethod 4503 0x0000019febbd5810 code [0x0000019febbd5a20, 0x0000019febbd62d8]
Event: 53.871 Thread 0x0000019fc7c29cf0 4504       3       com.sun.glass.ui.View::getMultiClickMaxY (10 bytes)
Event: 53.871 Thread 0x0000019fc7c29cf0 nmethod 4504 0x0000019febbd6510 code [0x0000019febbd66e0, 0x0000019febbd6b40]
Event: 53.871 Thread 0x0000019fc7c29cf0 4505       3       com.sun.glass.ui.win.WinApplication::staticView_getMultiClickMaxY (4 bytes)
Event: 53.871 Thread 0x0000019fc7c29cf0 nmethod 4505 0x0000019febbd6d90 code [0x0000019febbd6f20, 0x0000019febbd7088]
Event: 53.871 Thread 0x0000019fc7c29cf0 4506       3       com.sun.glass.ui.win.WinView::getMultiClickMaxY_impl (4 bytes)
Event: 53.871 Thread 0x0000019fc7c29cf0 nmethod 4506 0x0000019febbd7190 code [0x0000019febbd7320, 0x0000019febbd7410]
Event: 54.295 Thread 0x0000019fc7c29cf0 4507       3       com.sun.javafx.collections.VetoableListDecorator::iterator (27 bytes)
Event: 54.296 Thread 0x0000019fc7c29cf0 nmethod 4507 0x0000019febbd7490 code [0x0000019febbd7640, 0x0000019febbd7a58]
Event: 54.296 Thread 0x0000019fc7c29cf0 4508       3       com.sun.javafx.collections.VetoableListDecorator$ModCountAccessorImpl::<init> (10 bytes)
Event: 54.296 Thread 0x0000019fc7c29cf0 nmethod 4508 0x0000019febbd7c10 code [0x0000019febbd7da0, 0x0000019febbd7f70]
Event: 54.296 Thread 0x0000019fc7c29cf0 4509       3       javafx.scene.Parent::doPickNodeLocal (42 bytes)
Event: 54.297 Thread 0x0000019fc7c29cf0 nmethod 4509 0x0000019febbd8010 code [0x0000019febbd8200, 0x0000019febbd8920]
Event: 54.367 Thread 0x0000019fc7c29cf0 4510       3       javafx.scene.Parent::computeViewOrderChildren (93 bytes)
Event: 54.369 Thread 0x0000019fc7c29cf0 nmethod 4510 0x0000019febbd8b90 code [0x0000019febbd8e00, 0x0000019febbd99c0]

GC Heap History (4 events):
Event: 0.337 GC heap before
{Heap before GC invocations=0 (full 0):
 garbage-first heap   total 260096K, used 20480K [0x0000000703600000, 0x0000000800000000)
  region size 2048K, 11 young (22528K), 0 survivors (0K)
 Metaspace       used 4979K, committed 5120K, reserved 1114112K
  class space    used 643K, committed 704K, reserved 1048576K
}
Event: 0.340 GC heap after
{Heap after GC invocations=1 (full 0):
 garbage-first heap   total 260096K, used 3545K [0x0000000703600000, 0x0000000800000000)
  region size 2048K, 2 young (4096K), 2 survivors (4096K)
 Metaspace       used 4979K, committed 5120K, reserved 1114112K
  class space    used 643K, committed 704K, reserved 1048576K
}
Event: 1.030 GC heap before
{Heap before GC invocations=1 (full 0):
 garbage-first heap   total 260096K, used 42457K [0x0000000703600000, 0x0000000800000000)
  region size 2048K, 19 young (38912K), 2 survivors (4096K)
 Metaspace       used 14301K, committed 14528K, reserved 1114112K
  class space    used 2248K, committed 2368K, reserved 1048576K
}
Event: 1.035 GC heap after
{Heap after GC invocations=2 (full 0):
 garbage-first heap   total 260096K, used 14054K [0x0000000703600000, 0x0000000800000000)
  region size 2048K, 3 young (6144K), 3 survivors (6144K)
 Metaspace       used 14301K, committed 14528K, reserved 1114112K
  class space    used 2248K, committed 2368K, reserved 1048576K
}

Dll operation events (20 events):
Event: 0.191 Loaded shared library C:\javafx-sdk-21\bin\api-ms-win-crt-math-l1-1-0.dll
Event: 0.192 Loaded shared library C:\javafx-sdk-21\bin\api-ms-win-crt-multibyte-l1-1-0.dll
Event: 0.192 Loaded shared library C:\javafx-sdk-21\bin\api-ms-win-crt-private-l1-1-0.dll
Event: 0.193 Loaded shared library C:\javafx-sdk-21\bin\api-ms-win-crt-process-l1-1-0.dll
Event: 0.193 Loaded shared library C:\javafx-sdk-21\bin\api-ms-win-crt-runtime-l1-1-0.dll
Event: 0.194 Loaded shared library C:\javafx-sdk-21\bin\api-ms-win-crt-stdio-l1-1-0.dll
Event: 0.194 Loaded shared library C:\javafx-sdk-21\bin\api-ms-win-crt-string-l1-1-0.dll
Event: 0.195 Loaded shared library C:\javafx-sdk-21\bin\api-ms-win-crt-time-l1-1-0.dll
Event: 0.195 Loaded shared library C:\javafx-sdk-21\bin\api-ms-win-crt-utility-l1-1-0.dll
Event: 0.196 Loaded shared library C:\javafx-sdk-21\bin\ucrtbase.dll
Event: 0.196 Loaded shared library C:\javafx-sdk-21\bin\vcruntime140.dll
Event: 0.197 Loaded shared library C:\javafx-sdk-21\bin\vcruntime140_1.dll
Event: 0.198 Loaded shared library C:\javafx-sdk-21\bin\msvcp140.dll
Event: 0.199 Loaded shared library C:\javafx-sdk-21\bin\msvcp140_1.dll
Event: 0.199 Loaded shared library C:\javafx-sdk-21\bin\msvcp140_2.dll
Event: 0.226 Loaded shared library C:\javafx-sdk-21\bin\prism_d3d.dll
Event: 0.254 Loaded shared library C:\javafx-sdk-21\bin\glass.dll
Event: 0.393 Loaded shared library C:\javafx-sdk-21\bin\javafx_font.dll
Event: 0.408 Loaded shared library C:\Users\Swift\.jdks\openjdk-20.0.2\bin\jimage.dll
Event: 0.611 Loaded shared library C:\javafx-sdk-21\bin\javafx_iio.dll

Deoptimization events (20 events):
Event: 25.495 Thread 0x0000019fc8f5dbf0 DEOPT PACKING pc=0x0000019feb7a1d32 sp=0x0000004b070fa0c0
Event: 25.496 Thread 0x0000019fc8f5dbf0 DEOPT UNPACKING pc=0x0000019ff289e462 sp=0x0000004b070f9550 mode 0
Event: 25.496 Thread 0x0000019fc8f5dbf0 DEOPT PACKING pc=0x0000019feb7a1d32 sp=0x0000004b070fa0c0
Event: 25.496 Thread 0x0000019fc8f5dbf0 DEOPT UNPACKING pc=0x0000019ff289e462 sp=0x0000004b070f9550 mode 0
Event: 29.593 Thread 0x0000019fc8f5dbf0 Uncommon trap: trap_request=0xffffffbe fr.pc=0x0000019ff2fcbfb4 relative=0x0000000000002274
Event: 29.593 Thread 0x0000019fc8f5dbf0 Uncommon trap: reason=profile_predicate action=maybe_recompile pc=0x0000019ff2fcbfb4 method=javafx.scene.CssStyleHelper.createStyleHelper(Ljavafx/scene/Node;)Ljavafx/scene/CssStyleHelper; @ 174 c2
Event: 29.593 Thread 0x0000019fc8f5dbf0 DEOPT PACKING pc=0x0000019ff2fcbfb4 sp=0x0000004b070f71d0
Event: 29.593 Thread 0x0000019fc8f5dbf0 DEOPT UNPACKING pc=0x0000019ff284d2a2 sp=0x0000004b070f7198 mode 2
Event: 29.593 Thread 0x0000019fc8f5dbf0 Uncommon trap: trap_request=0xffffffbe fr.pc=0x0000019ff2fcbfb4 relative=0x0000000000002274
Event: 29.593 Thread 0x0000019fc8f5dbf0 Uncommon trap: reason=profile_predicate action=maybe_recompile pc=0x0000019ff2fcbfb4 method=javafx.scene.CssStyleHelper.createStyleHelper(Ljavafx/scene/Node;)Ljavafx/scene/CssStyleHelper; @ 174 c2
Event: 29.593 Thread 0x0000019fc8f5dbf0 DEOPT PACKING pc=0x0000019ff2fcbfb4 sp=0x0000004b070f71d0
Event: 29.593 Thread 0x0000019fc8f5dbf0 DEOPT UNPACKING pc=0x0000019ff284d2a2 sp=0x0000004b070f7198 mode 2
Event: 29.593 Thread 0x0000019fc8f5dbf0 Uncommon trap: trap_request=0xffffffbe fr.pc=0x0000019ff2fcbfb4 relative=0x0000000000002274
Event: 29.593 Thread 0x0000019fc8f5dbf0 Uncommon trap: reason=profile_predicate action=maybe_recompile pc=0x0000019ff2fcbfb4 method=javafx.scene.CssStyleHelper.createStyleHelper(Ljavafx/scene/Node;)Ljavafx/scene/CssStyleHelper; @ 174 c2
Event: 29.593 Thread 0x0000019fc8f5dbf0 DEOPT PACKING pc=0x0000019ff2fcbfb4 sp=0x0000004b070f71d0
Event: 29.593 Thread 0x0000019fc8f5dbf0 DEOPT UNPACKING pc=0x0000019ff284d2a2 sp=0x0000004b070f7198 mode 2
Event: 29.593 Thread 0x0000019fc8f5dbf0 Uncommon trap: trap_request=0xffffffbe fr.pc=0x0000019ff2fcbfb4 relative=0x0000000000002274
Event: 29.593 Thread 0x0000019fc8f5dbf0 Uncommon trap: reason=profile_predicate action=maybe_recompile pc=0x0000019ff2fcbfb4 method=javafx.scene.CssStyleHelper.createStyleHelper(Ljavafx/scene/Node;)Ljavafx/scene/CssStyleHelper; @ 174 c2
Event: 29.593 Thread 0x0000019fc8f5dbf0 DEOPT PACKING pc=0x0000019ff2fcbfb4 sp=0x0000004b070f71d0
Event: 29.593 Thread 0x0000019fc8f5dbf0 DEOPT UNPACKING pc=0x0000019ff284d2a2 sp=0x0000004b070f7198 mode 2

Classes loaded (20 events):
Event: 1.040 Loading class sun/util/resources/TimeZoneNames_en
Event: 1.040 Loading class sun/util/resources/TimeZoneNames_en done
Event: 1.217 Loading class java/util/EnumMap$Values
Event: 1.217 Loading class java/util/EnumMap$Values done
Event: 1.217 Loading class java/util/EnumMap$ValueIterator
Event: 1.217 Loading class java/util/EnumMap$EnumMapIterator
Event: 1.217 Loading class java/util/EnumMap$EnumMapIterator done
Event: 1.217 Loading class java/util/EnumMap$ValueIterator done
Event: 2.257 Loading class java/io/UnsupportedEncodingException
Event: 2.257 Loading class java/io/UnsupportedEncodingException done
Event: 10.940 Loading class java/lang/foreign/MemorySegment
Event: 10.940 Loading class java/lang/foreign/MemorySegment done
Event: 41.099 Loading class java/lang/Throwable$WrappedPrintStream
Event: 41.099 Loading class java/lang/Throwable$PrintStreamOrWriter
Event: 41.099 Loading class java/lang/Throwable$PrintStreamOrWriter done
Event: 41.099 Loading class java/lang/Throwable$WrappedPrintStream done
Event: 41.099 Loading class java/lang/StackTraceElement$HashedModules
Event: 41.099 Loading class java/lang/StackTraceElement$HashedModules done
Event: 74.635 Loading class jdk/internal/misc/Signal$1
Event: 74.635 Loading class jdk/internal/misc/Signal$1 done

Classes unloaded (0 events):
No events

Classes redefined (0 events):
No events

Internal exceptions (20 events):
Event: 0.656 Thread 0x0000019fc8f5dbf0 Exception <a 'java/lang/NoSuchMethodError'{0x00000007118f8938}: 'java.lang.Object java.lang.invoke.DirectMethodHandle$Holder.invokeInterface(java.lang.Object, java.lang.Object, java.lang.Object)'> (0x00000007118f8938) 
thrown [s\open\src\hotspot\share\interpreter\linkResolver.cpp, line 773]
Event: 0.656 Thread 0x0000019fc8f5dbf0 Exception <a 'java/lang/IncompatibleClassChangeError'{0x00000007118fbfe0}: Found class java.lang.Object, but interface was expected> (0x00000007118fbfe0) 
thrown [s\open\src\hotspot\share\interpreter\linkResolver.cpp, line 840]
Event: 0.685 Thread 0x0000019fc8f5dbf0 Exception <a 'java/lang/ClassNotFoundException'{0x00000007116e4d08}: com/sun/javafx/scene/control/skin/resources/controls> (0x00000007116e4d08) 
thrown [s\open\src\hotspot\share\prims\jni.cpp, line 538]
Event: 0.686 Thread 0x0000019fc8f5dbf0 Exception <a 'java/lang/ClassNotFoundException'{0x00000007116f2f70}: com/sun/javafx/scene/control/skin/resources/controls_ru> (0x00000007116f2f70) 
thrown [s\open\src\hotspot\share\prims\jni.cpp, line 538]
Event: 0.686 Thread 0x0000019fc8f5dbf0 Exception <a 'java/lang/ClassNotFoundException'{0x00000007116f4200}: com/sun/javafx/scene/control/skin/resources/controls_ru_RU> (0x00000007116f4200) 
thrown [s\open\src\hotspot\share\prims\jni.cpp, line 538]
Event: 0.705 Thread 0x0000019fc8f5dbf0 Exception <a 'java/lang/NoSuchMethodError'{0x000000071146aec0}: 'void java.lang.invoke.DirectMethodHandle$Holder.invokeSpecial(java.lang.Object, java.lang.Object, java.lang.Object, java.lang.Object, java.lang.Object, java.lang.Object)'> (0x000000071146aec0) 
thrown [s\open\src\hotspot\share\interpreter\linkResolver.cpp, line 773]
Event: 0.735 Thread 0x0000019fc8f5dbf0 Exception <a 'java/lang/NoSuchMethodError'{0x00000007115f09f8}: 'int java.lang.invoke.DirectMethodHandle$Holder.invokeSpecial(java.lang.Object, java.lang.Object, int)'> (0x00000007115f09f8) 
thrown [s\open\src\hotspot\share\interpreter\linkResolver.cpp, line 773]
Event: 0.735 Thread 0x0000019fc8f5dbf0 Exception <a 'java/lang/NoSuchMethodError'{0x00000007115f8048}: 'int java.lang.invoke.DirectMethodHandle$Holder.invokeSpecial(java.lang.Object, java.lang.Object, java.lang.Object, int)'> (0x00000007115f8048) 
thrown [s\open\src\hotspot\share\interpreter\linkResolver.cpp, line 773]
Event: 0.736 Thread 0x0000019fc8f5dbf0 Exception <a 'java/lang/NoSuchMethodError'{0x000000071120a8e0}: 'java.lang.Object java.lang.invoke.DirectMethodHandle$Holder.invokeStatic(java.lang.Object, java.lang.Object, java.lang.Object, java.lang.Object, int)'> (0x000000071120a8e0) 
thrown [s\open\src\hotspot\share\interpreter\linkResolver.cpp, line 773]
Event: 0.736 Thread 0x0000019fc8f5dbf0 Exception <a 'java/lang/NoSuchMethodError'{0x0000000711212cd8}: 'int java.lang.invoke.DirectMethodHandle$Holder.invokeSpecial(java.lang.Object, java.lang.Object, java.lang.Object)'> (0x0000000711212cd8) 
thrown [s\open\src\hotspot\share\interpreter\linkResolver.cpp, line 773]
Event: 0.749 Thread 0x0000019fc8f5dbf0 Exception <a 'java/lang/NoSuchMethodError'{0x0000000711270ce8}: 'java.lang.Object java.lang.invoke.DirectMethodHandle$Holder.newInvokeSpecial(java.lang.Object, java.lang.Object, int)'> (0x0000000711270ce8) 
thrown [s\open\src\hotspot\share\interpreter\linkResolver.cpp, line 773]
Event: 0.780 Thread 0x0000019fc89bc630 Exception <a 'java/lang/NoSuchMethodError'{0x000000071138ab80}: 'int java.lang.invoke.DirectMethodHandle$Holder.invokeStaticInit(java.lang.Object, java.lang.Object)'> (0x000000071138ab80) 
thrown [s\open\src\hotspot\share\interpreter\linkResolver.cpp, line 773]
Event: 0.811 Thread 0x0000019fc89bc630 Exception <a 'java/lang/NoSuchMethodError'{0x0000000711085080}: 'java.lang.Object java.lang.invoke.DirectMethodHandle$Holder.invokeStaticInit(java.lang.Object, int)'> (0x0000000711085080) 
thrown [s\open\src\hotspot\share\interpreter\linkResolver.cpp, line 773]
Event: 2.266 Thread 0x0000019fc8f5dbf0 Exception <a 'java/lang/NoSuchMethodError'{0x000000071306f218}: 'long java.lang.invoke.DirectMethodHandle$Holder.invokeStatic(java.lang.Object, java.lang.Object, java.lang.Object)'> (0x000000071306f218) 
thrown [s\open\src\hotspot\share\interpreter\linkResolver.cpp, line 773]
Event: 2.266 Thread 0x0000019fc8f5dbf0 Exception <a 'java/lang/NoSuchMethodError'{0x00000007130725e8}: 'long java.lang.invoke.DirectMethodHandle$Holder.invokeStaticInit(java.lang.Object, java.lang.Object, java.lang.Object)'> (0x00000007130725e8) 
thrown [s\open\src\hotspot\share\interpreter\linkResolver.cpp, line 773]
Event: 2.267 Thread 0x0000019fc8f5dbf0 Exception <a 'java/lang/NoSuchMethodError'{0x000000071308a738}: 'java.lang.Object java.lang.invoke.DirectMethodHandle$Holder.newInvokeSpecial(java.lang.Object, java.lang.Object, long)'> (0x000000071308a738) 
thrown [s\open\src\hotspot\share\interpreter\linkResolver.cpp, line 773]
Event: 2.267 Thread 0x0000019fc8f5dbf0 Exception <a 'java/lang/NoSuchMethodError'{0x000000071308e030}: 'java.lang.Object java.lang.invoke.Invokers$Holder.linkToTargetMethod(java.lang.Object, long, java.lang.Object)'> (0x000000071308e030) 
thrown [s\open\src\hotspot\share\interpreter\linkResolver.cpp, line 773]
Event: 28.556 Thread 0x0000019fc8f5dbf0 Exception <a 'java/lang/NoSuchMethodError'{0x00000007116f5c58}: 'java.lang.Object java.lang.invoke.DirectMethodHandle$Holder.newInvokeSpecial(java.lang.Object, java.lang.Object, int, int, int, int, int, java.lang.Object)'> (0x00000007116f5c58) 
thrown [s\open\src\hotspot\share\interpreter\linkResolver.cpp, line 773]
Event: 28.557 Thread 0x0000019fc8f5dbf0 Exception <a 'java/lang/NoSuchMethodError'{0x0000000711708c58}: 'java.lang.Object java.lang.invoke.DirectMethodHandle$Holder.newInvokeSpecial(java.lang.Object, java.lang.Object, java.lang.Object, int, int, int, int, int)'> (0x0000000711708c58) 
thrown [s\open\src\hotspot\share\interpreter\linkResolver.cpp, line 773]
Event: 28.557 Thread 0x0000019fc8f5dbf0 Exception <a 'java/lang/NoSuchMethodError'{0x0000000711710a58}: 'java.lang.Object java.lang.invoke.Invokers$Holder.linkToTargetMethod(java.lang.Object, java.lang.Object, int, int, int, int, int, java.lang.Object)'> (0x0000000711710a58) 
thrown [s\open\src\hotspot\share\interpreter\linkResolver.cpp, line 773]

VM Operations (20 events):
Event: 32.750 Executing VM operation: Cleanup done
Event: 37.751 Executing VM operation: Cleanup
Event: 37.752 Executing VM operation: Cleanup done
Event: 39.752 Executing VM operation: Cleanup
Event: 39.753 Executing VM operation: Cleanup done
Event: 41.753 Executing VM operation: Cleanup
Event: 41.753 Executing VM operation: Cleanup done
Event: 44.754 Executing VM operation: Cleanup
Event: 44.755 Executing VM operation: Cleanup done
Event: 46.755 Executing VM operation: Cleanup
Event: 46.755 Executing VM operation: Cleanup done
Event: 47.755 Executing VM operation: Cleanup
Event: 47.756 Executing VM operation: Cleanup done
Event: 49.756 Executing VM operation: Cleanup
Event: 49.757 Executing VM operation: Cleanup done
Event: 51.757 Executing VM operation: Cleanup
Event: 51.757 Executing VM operation: Cleanup done
Event: 60.137 Executing VM operation: HandshakeAllThreads
Event: 60.137 Executing VM operation: HandshakeAllThreads done
Event: 74.637 Executing VM operation: Exit

Events (20 events):
Event: 0.128 Thread 0x0000019fc8bcbf70 Thread added: 0x0000019fc8bcbf70
Event: 0.128 Thread 0x0000019fc88a9fa0 Thread added: 0x0000019fc88a9fa0
Event: 0.221 Thread 0x0000019fc89bc630 Thread added: 0x0000019fc89bc630
Event: 0.256 Thread 0x0000019fc922a7f0 Thread added: 0x0000019fc922a7f0
Event: 0.258 Thread 0x0000019fc8f5dbf0 Thread added: 0x0000019fc8f5dbf0
Event: 0.307 Thread 0x0000019fc935e000 Thread added: 0x0000019fc935e000
Event: 0.314 Thread 0x0000019fc934e360 Thread added: 0x0000019fc934e360
Event: 0.406 Thread 0x0000019fc9337150 Thread added: 0x0000019fc9337150
Event: 0.829 Thread 0x0000019fc93356c0 Thread added: 0x0000019fc93356c0
Event: 0.853 Thread 0x0000019fc7e9a550 Thread exited: 0x0000019fc7e9a550
Event: 1.215 Thread 0x0000019fc7df8db0 Thread exited: 0x0000019fc7df8db0
Event: 1.648 Thread 0x0000019fc90cb030 Thread added: 0x0000019fc90cb030
Event: 1.757 Thread 0x0000019fc90cb030 Thread exited: 0x0000019fc90cb030
Event: 25.534 Thread 0x0000019fc9588800 Thread added: 0x0000019fc9588800
Event: 26.426 Thread 0x0000019fc9588800 Thread exited: 0x0000019fc9588800
Event: 74.636 Thread 0x0000019fc9336160 Thread added: 0x0000019fc9336160
Event: 74.636 Thread 0x0000019fc9336c00 Thread added: 0x0000019fc9336c00
Event: 74.636 Thread 0x0000019fc8776cd0 Thread added: 0x0000019fc8776cd0
Event: 74.636 Thread 0x0000019fc8776cd0 Thread exited: 0x0000019fc8776cd0
Event: 74.637 Thread 0x0000019fc9336c00 Thread exited: 0x0000019fc9336c00


Dynamic libraries:
0x00007ff69c740000 - 0x00007ff69c74e000 	C:\Users\Swift\.jdks\openjdk-20.0.2\bin\java.exe
0x00007ffa44930000 - 0x00007ffa44b44000 	C:\Windows\SYSTEM32\ntdll.dll
0x00007ffa43c40000 - 0x00007ffa43d04000 	C:\Windows\System32\KERNEL32.DLL
0x00007ffa41e20000 - 0x00007ffa421c4000 	C:\Windows\System32\KERNELBASE.dll
0x00007ffa421d0000 - 0x00007ffa422e1000 	C:\Windows\System32\ucrtbase.dll
0x00007ffa37730000 - 0x00007ffa37747000 	C:\Users\Swift\.jdks\openjdk-20.0.2\bin\jli.dll
0x00007ffa34f60000 - 0x00007ffa34f7b000 	C:\Users\Swift\.jdks\openjdk-20.0.2\bin\VCRUNTIME140.dll
0x00007ffa43a20000 - 0x00007ffa43bce000 	C:\Windows\System32\USER32.dll
0x00007ffa422f0000 - 0x00007ffa42316000 	C:\Windows\System32\win32u.dll
0x00007ffa1fd00000 - 0x00007ffa1ff93000 	C:\Windows\WinSxS\amd64_microsoft.windows.common-controls_6595b64144ccf1df_6.0.22621.2215_none_270d72677387dfc3\COMCTL32.dll
0x00007ffa42fd0000 - 0x00007ffa42ff9000 	C:\Windows\System32\GDI32.dll
0x00007ffa447e0000 - 0x00007ffa44887000 	C:\Windows\System32\msvcrt.dll
0x00007ffa42490000 - 0x00007ffa425a8000 	C:\Windows\System32\gdi32full.dll
0x00007ffa425b0000 - 0x00007ffa4264a000 	C:\Windows\System32\msvcp_win.dll
0x00007ffa44650000 - 0x00007ffa44681000 	C:\Windows\System32\IMM32.DLL
0x00007ffa39590000 - 0x00007ffa3959c000 	C:\Users\Swift\.jdks\openjdk-20.0.2\bin\vcruntime140_1.dll
0x00007ffa2b2f0000 - 0x00007ffa2b37e000 	C:\Users\Swift\.jdks\openjdk-20.0.2\bin\msvcp140.dll
0x00007ff9eb270000 - 0x00007ff9ebf08000 	C:\Users\Swift\.jdks\openjdk-20.0.2\bin\server\jvm.dll
0x00007ffa42830000 - 0x00007ffa428e0000 	C:\Windows\System32\ADVAPI32.dll
0x00007ffa426d0000 - 0x00007ffa42776000 	C:\Windows\System32\sechost.dll
0x00007ffa42b00000 - 0x00007ffa42c17000 	C:\Windows\System32\RPCRT4.dll
0x00007ffa1c110000 - 0x00007ffa1c119000 	C:\Windows\SYSTEM32\WSOCK32.dll
0x00007ffa35480000 - 0x00007ffa3548a000 	C:\Windows\SYSTEM32\VERSION.dll
0x00007ffa356b0000 - 0x00007ffa356e4000 	C:\Windows\SYSTEM32\WINMM.dll
0x00007ffa44500000 - 0x00007ffa44571000 	C:\Windows\System32\WS2_32.dll
0x00007ffa40e20000 - 0x00007ffa40e38000 	C:\Windows\SYSTEM32\kernel.appcore.dll
0x00007ffa38810000 - 0x00007ffa3881a000 	C:\Users\Swift\.jdks\openjdk-20.0.2\bin\jimage.dll
0x00007ffa3ef30000 - 0x00007ffa3f15e000 	C:\Windows\SYSTEM32\DBGHELP.DLL
0x00007ffa42c40000 - 0x00007ffa42fca000 	C:\Windows\System32\combase.dll
0x00007ffa43830000 - 0x00007ffa43907000 	C:\Windows\System32\OLEAUT32.dll
0x00007ffa31c90000 - 0x00007ffa31cc2000 	C:\Windows\SYSTEM32\dbgcore.DLL
0x00007ffa41ce0000 - 0x00007ffa41d5a000 	C:\Windows\System32\bcryptPrimitives.dll
0x00007ffa310a0000 - 0x00007ffa310ae000 	C:\Users\Swift\.jdks\openjdk-20.0.2\bin\instrument.dll
0x00007ffa2a330000 - 0x00007ffa2a356000 	C:\Users\Swift\.jdks\openjdk-20.0.2\bin\java.dll
0x00007ffa26290000 - 0x00007ffa26367000 	C:\Users\Swift\.jdks\openjdk-20.0.2\bin\jsvml.dll
0x00007ffa43000000 - 0x00007ffa43823000 	C:\Windows\System32\SHELL32.dll
0x00007ffa3fc30000 - 0x00007ffa4051a000 	C:\Windows\SYSTEM32\windows.storage.dll
0x00007ffa3faf0000 - 0x00007ffa3fc2e000 	C:\Windows\SYSTEM32\wintypes.dll
0x00007ffa43920000 - 0x00007ffa43a13000 	C:\Windows\System32\SHCORE.dll
0x00007ffa428e0000 - 0x00007ffa4293e000 	C:\Windows\System32\shlwapi.dll
0x00007ffa41c10000 - 0x00007ffa41c36000 	C:\Windows\SYSTEM32\profapi.dll
0x00007ffa2b2d0000 - 0x00007ffa2b2e3000 	C:\Users\Swift\.jdks\openjdk-20.0.2\bin\net.dll
0x00007ffa380c0000 - 0x00007ffa381f7000 	C:\Windows\SYSTEM32\WINHTTP.dll
0x00007ffa412a0000 - 0x00007ffa41309000 	C:\Windows\system32\mswsock.dll
0x00007ffa270b0000 - 0x00007ffa270c6000 	C:\Users\Swift\.jdks\openjdk-20.0.2\bin\nio.dll
0x00007ffa27090000 - 0x00007ffa270a8000 	C:\Users\Swift\.jdks\openjdk-20.0.2\bin\zip.dll
0x00007ffa26d40000 - 0x00007ffa26d5a000 	C:\Program Files\JetBrains\IntelliJ IDEA Community Edition 2023.2.3\bin\breakgen64.dll
0x00007ffa31090000 - 0x00007ffa31097000 	C:\Users\Swift\.jdks\openjdk-20.0.2\bin\extnet.dll
0x0000019f82ad0000 - 0x0000019f82ad3000 	C:\javafx-sdk-21\bin\api-ms-win-core-console-l1-1-0.dll
0x0000019f82990000 - 0x0000019f82993000 	C:\javafx-sdk-21\bin\api-ms-win-core-console-l1-2-0.dll
0x0000019f829a0000 - 0x0000019f829a3000 	C:\javafx-sdk-21\bin\api-ms-win-core-datetime-l1-1-0.dll
0x0000019f829b0000 - 0x0000019f829b3000 	C:\javafx-sdk-21\bin\api-ms-win-core-debug-l1-1-0.dll
0x0000019f829c0000 - 0x0000019f829c3000 	C:\javafx-sdk-21\bin\api-ms-win-core-errorhandling-l1-1-0.dll
0x0000019f829d0000 - 0x0000019f829d4000 	C:\javafx-sdk-21\bin\api-ms-win-core-file-l1-1-0.dll
0x0000019f829e0000 - 0x0000019f829e3000 	C:\javafx-sdk-21\bin\api-ms-win-core-file-l1-2-0.dll
0x0000019f829f0000 - 0x0000019f829f3000 	C:\javafx-sdk-21\bin\api-ms-win-core-file-l2-1-0.dll
0x0000019f82a00000 - 0x0000019f82a03000 	C:\javafx-sdk-21\bin\api-ms-win-core-handle-l1-1-0.dll
0x0000019f82a10000 - 0x0000019f82a13000 	C:\javafx-sdk-21\bin\api-ms-win-core-heap-l1-1-0.dll
0x0000019f82a20000 - 0x0000019f82a23000 	C:\javafx-sdk-21\bin\api-ms-win-core-interlocked-l1-1-0.dll
0x0000019f82a30000 - 0x0000019f82a33000 	C:\javafx-sdk-21\bin\api-ms-win-core-libraryloader-l1-1-0.dll
0x0000019f82a40000 - 0x0000019f82a43000 	C:\javafx-sdk-21\bin\api-ms-win-core-localization-l1-2-0.dll
0x0000019f82a50000 - 0x0000019f82a53000 	C:\javafx-sdk-21\bin\api-ms-win-core-memory-l1-1-0.dll
0x0000019f82a60000 - 0x0000019f82a63000 	C:\javafx-sdk-21\bin\api-ms-win-core-namedpipe-l1-1-0.dll
0x0000019f82a70000 - 0x0000019f82a73000 	C:\javafx-sdk-21\bin\api-ms-win-core-processenvironment-l1-1-0.dll
0x0000019f82a80000 - 0x0000019f82a83000 	C:\javafx-sdk-21\bin\api-ms-win-core-processthreads-l1-1-0.dll
0x0000019f82a90000 - 0x0000019f82a93000 	C:\javafx-sdk-21\bin\api-ms-win-core-processthreads-l1-1-1.dll
0x0000019f82aa0000 - 0x0000019f82aa3000 	C:\javafx-sdk-21\bin\api-ms-win-core-profile-l1-1-0.dll
0x0000019f82ab0000 - 0x0000019f82ab3000 	C:\javafx-sdk-21\bin\api-ms-win-core-rtlsupport-l1-1-0.dll
0x0000019f82ac0000 - 0x0000019f82ac3000 	C:\javafx-sdk-21\bin\api-ms-win-core-string-l1-1-0.dll
0x0000019f82ae0000 - 0x0000019f82ae3000 	C:\javafx-sdk-21\bin\api-ms-win-core-synch-l1-1-0.dll
0x0000019f82af0000 - 0x0000019f82af3000 	C:\javafx-sdk-21\bin\api-ms-win-core-synch-l1-2-0.dll
0x0000019f82b00000 - 0x0000019f82b03000 	C:\javafx-sdk-21\bin\api-ms-win-core-sysinfo-l1-1-0.dll
0x0000019f82b10000 - 0x0000019f82b13000 	C:\javafx-sdk-21\bin\api-ms-win-core-timezone-l1-1-0.dll
0x0000019f82b20000 - 0x0000019f82b23000 	C:\javafx-sdk-21\bin\api-ms-win-core-util-l1-1-0.dll
0x0000019f82b30000 - 0x0000019f82b33000 	C:\javafx-sdk-21\bin\api-ms-win-crt-conio-l1-1-0.dll
0x0000019f82b40000 - 0x0000019f82b44000 	C:\javafx-sdk-21\bin\api-ms-win-crt-convert-l1-1-0.dll
0x0000019f82b50000 - 0x0000019f82b53000 	C:\javafx-sdk-21\bin\api-ms-win-crt-environment-l1-1-0.dll
0x0000019f82b60000 - 0x0000019f82b63000 	C:\javafx-sdk-21\bin\api-ms-win-crt-filesystem-l1-1-0.dll
0x0000019f82b70000 - 0x0000019f82b73000 	C:\javafx-sdk-21\bin\api-ms-win-crt-heap-l1-1-0.dll
0x0000019f82b80000 - 0x0000019f82b83000 	C:\javafx-sdk-21\bin\api-ms-win-crt-locale-l1-1-0.dll
0x0000019f82b90000 - 0x0000019f82b95000 	C:\javafx-sdk-21\bin\api-ms-win-crt-math-l1-1-0.dll
0x0000019f82ba0000 - 0x0000019f82ba5000 	C:\javafx-sdk-21\bin\api-ms-win-crt-multibyte-l1-1-0.dll
0x0000019f82bb0000 - 0x0000019f82bc0000 	C:\javafx-sdk-21\bin\api-ms-win-crt-private-l1-1-0.dll
0x0000019f82bc0000 - 0x0000019f82bc3000 	C:\javafx-sdk-21\bin\api-ms-win-crt-process-l1-1-0.dll
0x0000019f82bd0000 - 0x0000019f82bd4000 	C:\javafx-sdk-21\bin\api-ms-win-crt-runtime-l1-1-0.dll
0x0000019f82be0000 - 0x0000019f82be4000 	C:\javafx-sdk-21\bin\api-ms-win-crt-stdio-l1-1-0.dll
0x0000019f82bf0000 - 0x0000019f82bf4000 	C:\javafx-sdk-21\bin\api-ms-win-crt-string-l1-1-0.dll
0x0000019fc97d0000 - 0x0000019fc97d3000 	C:\javafx-sdk-21\bin\api-ms-win-crt-time-l1-1-0.dll
0x0000019fc97e0000 - 0x0000019fc97e3000 	C:\javafx-sdk-21\bin\api-ms-win-crt-utility-l1-1-0.dll
0x00007ffa1b950000 - 0x00007ffa1ba4c000 	C:\javafx-sdk-21\bin\ucrtbase.dll
0x00007ffa26270000 - 0x00007ffa2628b000 	C:\javafx-sdk-21\bin\vcruntime140.dll
0x00007ffa2a380000 - 0x00007ffa2a38c000 	C:\javafx-sdk-21\bin\vcruntime140_1.dll
0x00007ffa23fa0000 - 0x00007ffa2402e000 	C:\javafx-sdk-21\bin\msvcp140.dll
0x00007ffa44340000 - 0x00007ffa444de000 	C:\Windows\System32\ole32.dll
0x00007ffa26f10000 - 0x00007ffa26f19000 	C:\javafx-sdk-21\bin\msvcp140_1.dll
0x00007ffa26240000 - 0x00007ffa2626f000 	C:\javafx-sdk-21\bin\msvcp140_2.dll
0x00007ffa26760000 - 0x00007ffa2678f000 	C:\javafx-sdk-21\bin\prism_d3d.dll
0x00007ffa2b9f0000 - 0x00007ffa2bb99000 	C:\Windows\system32\d3d9.dll
0x00007ffa3ed60000 - 0x00007ffa3ed8b000 	C:\Windows\SYSTEM32\dwmapi.dll
0x00007ffa3f290000 - 0x00007ffa3f2c8000 	C:\Windows\SYSTEM32\dxcore.dll
0x00007ffa3b320000 - 0x00007ffa3b3cb000 	C:\Windows\system32\uxtheme.dll
0x00007ff9b2b90000 - 0x00007ff9b2cf5000 	C:\Windows\System32\DriverStore\FileRepository\iigd_dch.inf_amd64_3a2f90c1eb2e1524\igdumdim64.dll
0x00007ff9aef30000 - 0x00007ff9b2b86000 	C:\Windows\System32\DriverStore\FileRepository\iigd_dch.inf_amd64_3a2f90c1eb2e1524\igd9dxva64.dll
0x00007ffa43ec0000 - 0x00007ffa44334000 	C:\Windows\System32\SETUPAPI.dll
0x00007ffa419e0000 - 0x00007ffa41a2e000 	C:\Windows\SYSTEM32\cfgmgr32.dll
0x00007ffa32740000 - 0x00007ffa32b01000 	C:\Windows\System32\DriverStore\FileRepository\iigd_dch.inf_amd64_3a2f90c1eb2e1524\igdgmm64.dll
0x00007ffa37080000 - 0x00007ffa370ca000 	C:\Windows\SYSTEM32\directxdatabasehelper.dll
0x00007ffa24e80000 - 0x00007ffa24ec2000 	C:\javafx-sdk-21\bin\glass.dll
0x00007ffa43d30000 - 0x00007ffa43e29000 	C:\Windows\System32\COMDLG32.dll
0x00007ffa44690000 - 0x00007ffa447d9000 	C:\Windows\System32\MSCTF.dll
0x00007ff9d14a0000 - 0x00007ff9d14c7000 	C:\Windows\System32\DriverStore\FileRepository\iigd_dch.inf_amd64_3a2f90c1eb2e1524\igdinfo64.dll
0x00007ffa2c210000 - 0x00007ffa2f416000 	C:\Windows\System32\DriverStore\FileRepository\iigd_dch.inf_amd64_3a2f90c1eb2e1524\igc64.dll
0x00007ffa25920000 - 0x00007ffa25934000 	C:\javafx-sdk-21\bin\javafx_font.dll
0x00007ffa3a4a0000 - 0x00007ffa3a707000 	C:\Windows\SYSTEM32\dwrite.dll
0x00007ffa42780000 - 0x00007ffa42830000 	C:\Windows\System32\clbcatq.dll
0x00007ffa39ac0000 - 0x00007ffa39c70000 	C:\Windows\SYSTEM32\WindowsCodecs.dll
0x00007ffa050b0000 - 0x00007ffa0510e000 	C:\Windows\system32\dataexchange.dll
0x00007ffa34b60000 - 0x00007ffa34de2000 	C:\Windows\system32\twinapi.appcore.dll
0x00007ffa25820000 - 0x00007ffa25852000 	C:\Program Files\Common Files\Microsoft Shared\Ink\rtscom.dll
0x00007ffa25540000 - 0x00007ffa2556d000 	C:\javafx-sdk-21\bin\javafx_iio.dll
0x00007ffa30ec0000 - 0x00007ffa31004000 	C:\Windows\SYSTEM32\textinputframework.dll
0x00007ffa3ae80000 - 0x00007ffa3afb3000 	C:\Windows\SYSTEM32\CoreMessaging.dll
0x00007ffa364e0000 - 0x00007ffa3684c000 	C:\Windows\SYSTEM32\CoreUIComponents.dll
0x00007ffa41510000 - 0x00007ffa4151c000 	C:\Windows\SYSTEM32\CRYPTBASE.DLL

dbghelp: loaded successfully - version: 4.0.5 - missing functions: none
symbol engine: initialized successfully - sym options: 0x614 - pdb path: .;C:\Users\Swift\.jdks\openjdk-20.0.2\bin;C:\Windows\SYSTEM32;C:\Windows\WinSxS\amd64_microsoft.windows.common-controls_6595b64144ccf1df_6.0.22621.2215_none_270d72677387dfc3;C:\Users\Swift\.jdks\openjdk-20.0.2\bin\server;C:\Program Files\JetBrains\IntelliJ IDEA Community Edition 2023.2.3\bin;C:\javafx-sdk-21\bin;C:\Windows\System32\DriverStore\FileRepository\iigd_dch.inf_amd64_3a2f90c1eb2e1524;C:\Program Files\Common Files\Microsoft Shared\Ink

VM Arguments:
jvm_args: --module-path=C:\javafx-sdk-21\lib --add-modules=javafx.controls,javafx.fxml -javaagent:C:\Program Files\JetBrains\IntelliJ IDEA Community Edition 2023.2.3\lib\idea_rt.jar=63052:C:\Program Files\JetBrains\IntelliJ IDEA Community Edition 2023.2.3\bin -Dfile.encoding=UTF-8 -Dsun.stdout.encoding=UTF-8 -Dsun.stderr.encoding=UTF-8 
java_command: tetris.Main
java_class_path (initial): C:\tetris-main\tetris-main\target\classes;C:\Users\Swift\.m2\repository\org\openjfx\javafx-controls\11.0.2\javafx-controls-11.0.2.jar;C:\Users\Swift\.m2\repository\org\openjfx\javafx-controls\11.0.2\javafx-controls-11.0.2-win.jar;C:\Users\Swift\.m2\repository\org\openjfx\javafx-graphics\11.0.2\javafx-graphics-11.0.2.jar;C:\Users\Swift\.m2\repository\org\openjfx\javafx-graphics\11.0.2\javafx-graphics-11.0.2-win.jar;C:\Users\Swift\.m2\repository\org\openjfx\javafx-base\11.0.2\javafx-base-11.0.2.jar;C:\Users\Swift\.m2\repository\org\openjfx\javafx-base\11.0.2\javafx-base-11.0.2-win.jar;C:\Users\Swift\.m2\repository\org\openjfx\javafx-media\11.0.2\javafx-media-11.0.2.jar;C:\Users\Swift\.m2\repository\org\openjfx\javafx-media\11.0.2\javafx-media-11.0.2-win.jar;C:\Users\Swift\.m2\repository\org\eclipse\jetty\jetty-webapp\9.4.46.v20220331\jetty-webapp-9.4.46.v20220331.jar;C:\Users\Swift\.m2\repository\org\eclipse\jetty\jetty-xml\9.4.46.v20220331\jetty-xml-9.4.46.v20220331.jar;C:\Users\Swift\.m2\repository\org\eclipse\jetty\jetty-util\9.4.46.v20220331\jetty-util-9.4.46.v20220331.jar;C:\Users\Swift\.m2\repository\org\eclipse\jetty\jetty-servlet\9.4.46.v20220331\jetty-servlet-9.4.46.v20220331.jar;C:\Users\Swift\.m2\repository\org\eclipse\jetty\jetty-security\9.4.46.v20220331\jetty-security-9.4.46.v20220331.jar;C:\Users\Swift\.m2\repository\org\eclipse\jetty\jetty-server\9.4.46.v20220331\jetty-server-9.4.46.v20220331.jar;C:\Users\Swift\.m2\repository\javax\servlet\javax.servlet-api\3.1.0\javax.servlet-api-3.1.0.jar;C:\Users\Swift\.m2\repository\org\eclipse\jetty\jetty-http\9.4.46.v20220331\jetty-http-9.4.46.v20220331.jar;C:\Users\Swift\.m2\repository\org\eclipse\jetty\jetty-io\9.4.46.v20220331\jetty-io-9.4.46.v20220331.jar;C:\Users\Swift\.m2\repository\org\eclipse\jetty\jetty-util-ajax\9.4.46.v20220331\jetty-util-ajax-9.4.46.v20220331.jar
Launcher Type: SUN_STANDARD

[Global flags]
     intx CICompilerCount                          = 4                                         {product} {ergonomic}
     uint ConcGCThreads                            = 2                                         {product} {ergonomic}
     uint G1ConcRefinementThreads                  = 8                                         {product} {ergonomic}
   size_t G1HeapRegionSize                         = 2097152                                   {product} {ergonomic}
    uintx GCDrainStackTargetSize                   = 64                                        {product} {ergonomic}
   size_t InitialHeapSize                          = 266338304                                 {product} {ergonomic}
   size_t MarkStackSize                            = 4194304                                   {product} {ergonomic}
   size_t MaxHeapSize                              = 4238344192                                {product} {ergonomic}
   size_t MaxNewSize                               = 2541748224                                {product} {ergonomic}
   size_t MinHeapDeltaBytes                        = 2097152                                   {product} {ergonomic}
   size_t MinHeapSize                              = 8388608                                   {product} {ergonomic}
    uintx NonNMethodCodeHeapSize                   = 5839372                                {pd product} {ergonomic}
    uintx NonProfiledCodeHeapSize                  = 122909434                              {pd product} {ergonomic}
    uintx ProfiledCodeHeapSize                     = 122909434                              {pd product} {ergonomic}
    uintx ReservedCodeCacheSize                    = 251658240                              {pd product} {ergonomic}
     bool SegmentedCodeCache                       = true                                      {product} {ergonomic}
   size_t SoftMaxHeapSize                          = 4238344192                             {manageable} {ergonomic}
     bool UseCompressedClassPointers               = true                           {product lp64_product} {ergonomic}
     bool UseCompressedOops                        = true                           {product lp64_product} {ergonomic}
     bool UseG1GC                                  = true                                      {product} {ergonomic}
     bool UseLargePagesIndividualAllocation        = false                                  {pd product} {ergonomic}

Logging:
Log output configuration:
 #0: stdout all=off uptime,level,tags foldmultilines=false
 #1: stderr all=off uptime,level,tags foldmultilines=false

Environment Variables:
PATH=C:\Program Files (x86)\Common Files\Oracle\Java\javapath;C:\Windows\system32;C:\Windows;C:\Windows\System32\Wbem;C:\Windows\System32\WindowsPowerShell\v1.0\;C:\Windows\System32\OpenSSH\;C:\Program Files (x86)\NVIDIA Corporation\PhysX\Common;C:\Program Files\NVIDIA Corporation\NVIDIA NvDLISR;C:\Program Files\7-Zip;C:\Program Files\Microsoft SQL Server\130\Tools\Binn\;C:\Program Files\MATLAB\MATLAB Runtime\R2023a\runtime\win64;C:\Program Files\Polyspace\R2021a\runtime\win64;C:\Program Files\Polyspace\R2021a\bin;C:\Users\Swift\AppData\Local\Microsoft\WindowsApps;
USERNAME=Swift
OS=Windows_NT
PROCESSOR_IDENTIFIER=Intel64 Family 6 Model 140 Stepping 2, GenuineIntel
TMP=C:\Users\Swift\AppData\Local\Temp
TEMP=C:\Users\Swift\AppData\Local\Temp




---------------  S Y S T E M  ---------------

OS:
 Windows 11 , 64 bit Build 22621 (10.0.22621.2215)
OS uptime: 9 days 23:16 hours
Hyper-V role detected

CPU: total 8 (initial active 8) (4 cores per cpu, 2 threads per core) family 6 model 140 stepping 2 microcode 0x16, cx8, cmov, fxsr, ht, mmx, 3dnowpref, sse, sse2, sse3, ssse3, sse4.1, sse4.2, popcnt, lzcnt, tsc, tscinvbit, avx, avx2, aes, erms, clmul, bmi1, bmi2, adx, avx512f, avx512dq, avx512cd, avx512bw, avx512vl, sha, fma, vzeroupper, avx512_vpopcntdq, avx512_vpclmulqdq, avx512_vaes, avx512_vnni, clflush, clflushopt, clwb, avx512_vbmi2, avx512_vbmi, hv, rdtscp, rdpid, fsrm, gfni, avx512_bitalg, f16c, cet_ibt, cet_ss, avx512_ifma

Memory: 4k page, system-wide physical 16163M (5579M free)
TotalPageFile size 24867M (AvailPageFile size 8838M)
current process WorkingSet (physical memory assigned to process): 207M, peak: 241M
current process commit charge ("private bytes"): 446M, peak: 483M

vm_info: OpenJDK 64-Bit Server VM (20.0.2+9-78) for windows-amd64 JRE (20.0.2+9-78), built on 2023-06-14T10:08:48Z by "mach5one" with MS VC++ 17.1 (VS2022)

END.
